This is pdfTeX, Version 3.14159265-2.6-1.40.19 (TeX Live 2019/dev/Debian) (preloaded format=pdflatex 2020.4.24)  1 SEP 2020 19:18
entering extended mode
 restricted \write18 enabled.
 %&-line parsing enabled.
**Principal.tex
(./Principal.tex
LaTeX2e <2018-12-01>
(./prefix.tex (/usr/share/texlive/texmf-dist/tex/latex/base/book.cls
Document Class: book 2018/09/03 v1.4i Standard LaTeX document class
(/usr/share/texlive/texmf-dist/tex/latex/base/bk10.clo
File: bk10.clo 2018/09/03 v1.4i Standard LaTeX file (size option)
)
\c@part=\count80
\c@chapter=\count81
\c@section=\count82
\c@subsection=\count83
\c@subsubsection=\count84
\c@paragraph=\count85
\c@subparagraph=\count86
\c@figure=\count87
\c@table=\count88
\abovecaptionskip=\skip41
\belowcaptionskip=\skip42
\bibindent=\dimen102
)
(/usr/share/texlive/texmf-dist/tex/latex/geometry/geometry.sty
Package: geometry 2018/04/16 v5.8 Page Geometry

(/usr/share/texlive/texmf-dist/tex/latex/graphics/keyval.sty
Package: keyval 2014/10/28 v1.15 key=value parser (DPC)
\KV@toks@=\toks14
)
(/usr/share/texlive/texmf-dist/tex/generic/oberdiek/ifpdf.sty
Package: ifpdf 2018/09/07 v3.3 Provides the ifpdf switch
)
(/usr/share/texlive/texmf-dist/tex/generic/oberdiek/ifvtex.sty
Package: ifvtex 2016/05/16 v1.6 Detect VTeX and its facilities (HO)
Package ifvtex Info: VTeX not detected.
)
(/usr/share/texlive/texmf-dist/tex/generic/ifxetex/ifxetex.sty
Package: ifxetex 2010/09/12 v0.6 Provides ifxetex conditional
)
\Gm@cnth=\count89
\Gm@cntv=\count90
\c@Gm@tempcnt=\count91
\Gm@bindingoffset=\dimen103
\Gm@wd@mp=\dimen104
\Gm@odd@mp=\dimen105
\Gm@even@mp=\dimen106
\Gm@layoutwidth=\dimen107
\Gm@layoutheight=\dimen108
\Gm@layouthoffset=\dimen109
\Gm@layoutvoffset=\dimen110
\Gm@dimlist=\toks15
)
(/usr/share/texlive/texmf-dist/tex/generic/babel/babel.sty
Package: babel 2018/11/13 3.27 The Babel package

(/usr/share/texlive/texmf-dist/tex/generic/babel/switch.def
File: switch.def 2018/11/13 3.27 Babel switching mechanism
)
(/usr/share/texlive/texmf-dist/tex/generic/babel-italian/italian.ldf
Language: italian 2019/01/05 v.1.4.01 Italian support for the babel system

(/usr/share/texlive/texmf-dist/tex/generic/babel/babel.def
File: babel.def 2018/11/13 3.27 Babel common definitions
\babel@savecnt=\count92
\U@D=\dimen111

(/usr/share/texlive/texmf-dist/tex/generic/babel/txtbabel.def)
\bbl@dirlevel=\count93
)
\it@lettering=\count94
\it@doublequoteactive=\count95
\it@ISOcompliance=\count96
))
(/usr/share/texlive/texmf-dist/tex/latex/etoolbox/etoolbox.sty
Package: etoolbox 2018/08/19 v2.5f e-TeX tools for LaTeX (JAW)
\etb@tempcnta=\count97
)
(/usr/share/texlive/texmf-dist/tex/latex/base/inputenc.sty
Package: inputenc 2018/08/11 v1.3c Input encoding file
\inpenc@prehook=\toks16
\inpenc@posthook=\toks17
)
(/usr/share/texlive/texmf-dist/tex/latex/amsmath/amsmath.sty
Package: amsmath 2018/12/01 v2.17b AMS math features
\@mathmargin=\skip43

For additional information on amsmath, use the `?' option.
(/usr/share/texlive/texmf-dist/tex/latex/amsmath/amstext.sty
Package: amstext 2000/06/29 v2.01 AMS text

(/usr/share/texlive/texmf-dist/tex/latex/amsmath/amsgen.sty
File: amsgen.sty 1999/11/30 v2.0 generic functions
\@emptytoks=\toks18
\ex@=\dimen112
))
(/usr/share/texlive/texmf-dist/tex/latex/amsmath/amsbsy.sty
Package: amsbsy 1999/11/29 v1.2d Bold Symbols
\pmbraise@=\dimen113
)
(/usr/share/texlive/texmf-dist/tex/latex/amsmath/amsopn.sty
Package: amsopn 2016/03/08 v2.02 operator names
)
\inf@bad=\count98
LaTeX Info: Redefining \frac on input line 223.
\uproot@=\count99
\leftroot@=\count100
LaTeX Info: Redefining \overline on input line 385.
\classnum@=\count101
\DOTSCASE@=\count102
LaTeX Info: Redefining \ldots on input line 482.
LaTeX Info: Redefining \dots on input line 485.
LaTeX Info: Redefining \cdots on input line 606.
\Mathstrutbox@=\box27
\strutbox@=\box28
\big@size=\dimen114
LaTeX Font Info:    Redeclaring font encoding OML on input line 729.
LaTeX Font Info:    Redeclaring font encoding OMS on input line 730.
\macc@depth=\count103
\c@MaxMatrixCols=\count104
\dotsspace@=\muskip10
\c@parentequation=\count105
\dspbrk@lvl=\count106
\tag@help=\toks19
\row@=\count107
\column@=\count108
\maxfields@=\count109
\andhelp@=\toks20
\eqnshift@=\dimen115
\alignsep@=\dimen116
\tagshift@=\dimen117
\tagwidth@=\dimen118
\totwidth@=\dimen119
\lineht@=\dimen120
\@envbody=\toks21
\multlinegap=\skip44
\multlinetaggap=\skip45
\mathdisplay@stack=\toks22
LaTeX Info: Redefining \[ on input line 2844.
LaTeX Info: Redefining \] on input line 2845.
)
(/usr/share/texlive/texmf-dist/tex/latex/listings/listings.sty
\lst@mode=\count110
\lst@gtempboxa=\box29
\lst@token=\toks23
\lst@length=\count111
\lst@currlwidth=\dimen121
\lst@column=\count112
\lst@pos=\count113
\lst@lostspace=\dimen122
\lst@width=\dimen123
\lst@newlines=\count114
\lst@lineno=\count115
\lst@maxwidth=\dimen124

(/usr/share/texlive/texmf-dist/tex/latex/listings/lstmisc.sty
File: lstmisc.sty 2018/09/02 1.7 (Carsten Heinz)
\c@lstnumber=\count116
\lst@skipnumbers=\count117
\lst@framebox=\box30
)
(/usr/share/texlive/texmf-dist/tex/latex/listings/listings.cfg
File: listings.cfg 2018/09/02 1.7 listings configuration
))
Package: listings 2018/09/02 1.7 (Carsten Heinz)

(/usr/share/texlive/texmf-dist/tex/latex/amsfonts/amssymb.sty
Package: amssymb 2013/01/14 v3.01 AMS font symbols

(/usr/share/texlive/texmf-dist/tex/latex/amsfonts/amsfonts.sty
Package: amsfonts 2013/01/14 v3.01 Basic AMSFonts support
\symAMSa=\mathgroup4
\symAMSb=\mathgroup5
LaTeX Font Info:    Overwriting math alphabet `\mathfrak' in version `bold'
(Font)                  U/euf/m/n --> U/euf/b/n on input line 106.
))
(/usr/share/texlive/texmf-dist/tex/latex/tocbibind/tocbibind.sty
Package: tocbibind 2010/10/13 v1.5k extra ToC listings
Package tocbibind Info: The document has chapter divisions on input line 50.


Package tocbibind Note: Using chapter style headings, unless overridden.

) (/usr/share/texlive/texmf-dist/tex/latex/hyperref/hyperref.sty
Package: hyperref 2018/11/30 v6.88e Hypertext links for LaTeX

(/usr/share/texlive/texmf-dist/tex/generic/oberdiek/hobsub-hyperref.sty
Package: hobsub-hyperref 2016/05/16 v1.14 Bundle oberdiek, subset hyperref (HO)


(/usr/share/texlive/texmf-dist/tex/generic/oberdiek/hobsub-generic.sty
Package: hobsub-generic 2016/05/16 v1.14 Bundle oberdiek, subset generic (HO)
Package: hobsub 2016/05/16 v1.14 Construct package bundles (HO)
Package: infwarerr 2016/05/16 v1.4 Providing info/warning/error messages (HO)
Package: ltxcmds 2016/05/16 v1.23 LaTeX kernel commands for general use (HO)
Package: ifluatex 2016/05/16 v1.4 Provides the ifluatex switch (HO)
Package ifluatex Info: LuaTeX not detected.
Package hobsub Info: Skipping package `ifvtex' (already loaded).
Package: intcalc 2016/05/16 v1.2 Expandable calculations with integers (HO)
Package hobsub Info: Skipping package `ifpdf' (already loaded).
Package: etexcmds 2016/05/16 v1.6 Avoid name clashes with e-TeX commands (HO)
Package: kvsetkeys 2016/05/16 v1.17 Key value parser (HO)
Package: kvdefinekeys 2016/05/16 v1.4 Define keys (HO)
Package: pdftexcmds 2018/09/10 v0.29 Utility functions of pdfTeX for LuaTeX (HO
)
Package pdftexcmds Info: LuaTeX not detected.
Package pdftexcmds Info: \pdf@primitive is available.
Package pdftexcmds Info: \pdf@ifprimitive is available.
Package pdftexcmds Info: \pdfdraftmode found.
Package: pdfescape 2016/05/16 v1.14 Implements pdfTeX's escape features (HO)
Package: bigintcalc 2016/05/16 v1.4 Expandable calculations on big integers (HO
)
Package: bitset 2016/05/16 v1.2 Handle bit-vector datatype (HO)
Package: uniquecounter 2016/05/16 v1.3 Provide unlimited unique counter (HO)
)
Package hobsub Info: Skipping package `hobsub' (already loaded).
Package: letltxmacro 2016/05/16 v1.5 Let assignment for LaTeX macros (HO)
Package: hopatch 2016/05/16 v1.3 Wrapper for package hooks (HO)
Package: xcolor-patch 2016/05/16 xcolor patch
Package: atveryend 2016/05/16 v1.9 Hooks at the very end of document (HO)
Package: atbegshi 2016/06/09 v1.18 At begin shipout hook (HO)
Package: refcount 2016/05/16 v3.5 Data extraction from label references (HO)
Package: hycolor 2016/05/16 v1.8 Color options for hyperref/bookmark (HO)
)
(/usr/share/texlive/texmf-dist/tex/latex/oberdiek/auxhook.sty
Package: auxhook 2016/05/16 v1.4 Hooks for auxiliary files (HO)
)
(/usr/share/texlive/texmf-dist/tex/latex/oberdiek/kvoptions.sty
Package: kvoptions 2016/05/16 v3.12 Key value format for package options (HO)
)
\@linkdim=\dimen125
\Hy@linkcounter=\count118
\Hy@pagecounter=\count119

(/usr/share/texlive/texmf-dist/tex/latex/hyperref/pd1enc.def
File: pd1enc.def 2018/11/30 v6.88e Hyperref: PDFDocEncoding definition (HO)
Now handling font encoding PD1 ...
... no UTF-8 mapping file for font encoding PD1
)
\Hy@SavedSpaceFactor=\count120

(/usr/share/texlive/texmf-dist/tex/latex/latexconfig/hyperref.cfg
File: hyperref.cfg 2002/06/06 v1.2 hyperref configuration of TeXLive
)
Package hyperref Info: Hyper figures OFF on input line 4519.
Package hyperref Info: Link nesting OFF on input line 4524.
Package hyperref Info: Hyper index ON on input line 4527.
Package hyperref Info: Plain pages OFF on input line 4534.
Package hyperref Info: Backreferencing OFF on input line 4539.
Package hyperref Info: Implicit mode ON; LaTeX internals redefined.
Package hyperref Info: Bookmarks ON on input line 4772.
\c@Hy@tempcnt=\count121

(/usr/share/texlive/texmf-dist/tex/latex/url/url.sty
\Urlmuskip=\muskip11
Package: url 2013/09/16  ver 3.4  Verb mode for urls, etc.
)
LaTeX Info: Redefining \url on input line 5125.
\XeTeXLinkMargin=\dimen126
\Fld@menulength=\count122
\Field@Width=\dimen127
\Fld@charsize=\dimen128
Package hyperref Info: Hyper figures OFF on input line 6380.
Package hyperref Info: Link nesting OFF on input line 6385.
Package hyperref Info: Hyper index ON on input line 6388.
Package hyperref Info: backreferencing OFF on input line 6395.
Package hyperref Info: Link coloring OFF on input line 6400.
Package hyperref Info: Link coloring with OCG OFF on input line 6405.
Package hyperref Info: PDF/A mode OFF on input line 6410.
LaTeX Info: Redefining \ref on input line 6450.
LaTeX Info: Redefining \pageref on input line 6454.
\Hy@abspage=\count123
\c@Item=\count124
\c@Hfootnote=\count125
)
Package hyperref Info: Driver (autodetected): hpdftex.

(/usr/share/texlive/texmf-dist/tex/latex/hyperref/hpdftex.def
File: hpdftex.def 2018/11/30 v6.88e Hyperref driver for pdfTeX
\Fld@listcount=\count126
\c@bookmark@seq@number=\count127

(/usr/share/texlive/texmf-dist/tex/latex/oberdiek/rerunfilecheck.sty
Package: rerunfilecheck 2016/05/16 v1.8 Rerun checks for auxiliary files (HO)
Package uniquecounter Info: New unique counter `rerunfilecheck' on input line 2
82.
)
\Hy@SectionHShift=\skip46
)
(/usr/share/texlive/texmf-dist/tex/latex/csquotes/csquotes.sty
Package: csquotes 2018/04/13 v5.2d context-sensitive quotations (JAW)
\csq@reset=\count128
\csq@gtype=\count129
\csq@glevel=\count130
\csq@qlevel=\count131
\csq@maxlvl=\count132
\csq@tshold=\count133
\csq@ltx@everypar=\toks24

(/usr/share/texlive/texmf-dist/tex/latex/csquotes/csquotes.def
File: csquotes.def 2018/04/13 v5.2d csquotes generic definitions (JAW)
)
Package csquotes Info: Trying to load configuration file 'csquotes.cfg'...
Package csquotes Info: ... configuration file loaded successfully.

(/usr/share/texlive/texmf-dist/tex/latex/csquotes/csquotes.cfg
File: csquotes.cfg 
))
(/usr/share/texlive/texmf-dist/tex/latex/fancyhdr/fancyhdr.sty
Package: fancyhdr 2019/01/31 v3.10 Extensive control of page headers and footer
s
\f@nch@headwidth=\skip47
\f@nch@O@elh=\skip48
\f@nch@O@erh=\skip49
\f@nch@O@olh=\skip50
\f@nch@O@orh=\skip51
\f@nch@O@elf=\skip52
\f@nch@O@erf=\skip53
\f@nch@O@olf=\skip54
\f@nch@O@orf=\skip55
)
(/usr/share/texlive/texmf-dist/tex/latex/makecell/makecell.sty
Package: makecell 2009/08/03 V0.1e Managing of Tab Column Heads and Cells

(/usr/share/texlive/texmf-dist/tex/latex/tools/array.sty
Package: array 2018/12/30 v2.4k Tabular extension package (FMi)
\col@sep=\dimen129
\ar@mcellbox=\box31
\extrarowheight=\dimen130
\NC@list=\toks25
\extratabsurround=\skip56
\backup@length=\skip57
\ar@cellbox=\box32
)
\rotheadsize=\dimen131
\c@nlinenum=\count134
\TeXr@lab=\toks26
)
(/usr/share/texlive/texmf-dist/tex/latex/caption/caption.sty
Package: caption 2018/10/06 v3.3-154 Customizing captions (AR)

(/usr/share/texlive/texmf-dist/tex/latex/caption/caption3.sty
Package: caption3 2018/09/12 v1.8c caption3 kernel (AR)
Package caption3 Info: TeX engine: e-TeX on input line 64.
\captionmargin=\dimen132
\captionmargin@=\dimen133
\captionwidth=\dimen134
\caption@tempdima=\dimen135
\caption@indent=\dimen136
\caption@parindent=\dimen137
\caption@hangindent=\dimen138
)
\c@caption@flags=\count135
\c@ContinuedFloat=\count136
Package caption Info: hyperref package is loaded.
Package caption Info: listings package is loaded.
)
(/usr/share/texlive/texmf-dist/tex/latex/pdfpages/pdfpages.sty
Package: pdfpages 2017/10/31 v0.5l Insert pages of external PDF documents (AM)

(/usr/share/texlive/texmf-dist/tex/latex/base/ifthen.sty
Package: ifthen 2014/09/29 v1.1c Standard LaTeX ifthen package (DPC)
)
(/usr/share/texlive/texmf-dist/tex/latex/tools/calc.sty
Package: calc 2017/05/25 v4.3 Infix arithmetic (KKT,FJ)
\calc@Acount=\count137
\calc@Bcount=\count138
\calc@Adimen=\dimen139
\calc@Bdimen=\dimen140
\calc@Askip=\skip58
\calc@Bskip=\skip59
LaTeX Info: Redefining \setlength on input line 80.
LaTeX Info: Redefining \addtolength on input line 81.
\calc@Ccount=\count139
\calc@Cskip=\skip60
)
(/usr/share/texlive/texmf-dist/tex/latex/eso-pic/eso-pic.sty
Package: eso-pic 2018/04/12 v2.0h eso-pic (RN)

(/usr/share/texlive/texmf-dist/tex/latex/xcolor/xcolor.sty
Package: xcolor 2016/05/11 v2.12 LaTeX color extensions (UK)

(/usr/share/texlive/texmf-dist/tex/latex/graphics-cfg/color.cfg
File: color.cfg 2016/01/02 v1.6 sample color configuration
)
Package xcolor Info: Driver file: pdftex.def on input line 225.

(/usr/share/texlive/texmf-dist/tex/latex/graphics-def/pdftex.def
File: pdftex.def 2018/01/08 v1.0l Graphics/color driver for pdftex
)
Package xcolor Info: Model `cmy' substituted by `cmy0' on input line 1348.
Package xcolor Info: Model `hsb' substituted by `rgb' on input line 1352.
Package xcolor Info: Model `RGB' extended on input line 1364.
Package xcolor Info: Model `HTML' substituted by `rgb' on input line 1366.
Package xcolor Info: Model `Hsb' substituted by `hsb' on input line 1367.
Package xcolor Info: Model `tHsb' substituted by `hsb' on input line 1368.
Package xcolor Info: Model `HSB' substituted by `hsb' on input line 1369.
Package xcolor Info: Model `Gray' substituted by `gray' on input line 1370.
Package xcolor Info: Model `wave' substituted by `hsb' on input line 1371.
))
(/usr/share/texlive/texmf-dist/tex/latex/graphics/graphicx.sty
Package: graphicx 2017/06/01 v1.1a Enhanced LaTeX Graphics (DPC,SPQR)

(/usr/share/texlive/texmf-dist/tex/latex/graphics/graphics.sty
Package: graphics 2017/06/25 v1.2c Standard LaTeX Graphics (DPC,SPQR)

(/usr/share/texlive/texmf-dist/tex/latex/graphics/trig.sty
Package: trig 2016/01/03 v1.10 sin cos tan (DPC)
)
(/usr/share/texlive/texmf-dist/tex/latex/graphics-cfg/graphics.cfg
File: graphics.cfg 2016/06/04 v1.11 sample graphics configuration
)
Package graphics Info: Driver file: pdftex.def on input line 99.
)
\Gin@req@height=\dimen141
\Gin@req@width=\dimen142
)
\AM@pagewidth=\dimen143
\AM@pageheight=\dimen144

(/usr/share/texlive/texmf-dist/tex/latex/pdfpages/pppdftex.def
File: pppdftex.def 2017/10/31 v0.5l Pdfpages driver for pdfTeX (AM)
)
\AM@pagebox=\box33
\AM@global@opts=\toks27
\AM@toc@title=\toks28
\c@AM@survey=\count140
\AM@templatesizebox=\box34
)
(/usr/share/texlive/texmf-dist/tex/latex/emptypage/emptypage.sty
Package: emptypage 2010/05/30 v1.2 Suppress page numbers and headings on empty 
pages
)
(/usr/share/texlive/texmf-dist/tex/latex/tools/multicol.sty
Package: multicol 2018/12/27 v1.8v multicolumn formatting (FMi)
\c@tracingmulticols=\count141
\mult@box=\box35
\multicol@leftmargin=\dimen145
\c@unbalance=\count142
\c@collectmore=\count143
\doublecol@number=\count144
\multicoltolerance=\count145
\multicolpretolerance=\count146
\full@width=\dimen146
\page@free=\dimen147
\premulticols=\dimen148
\postmulticols=\dimen149
\multicolsep=\skip61
\multicolbaselineskip=\skip62
\partial@page=\box36
\last@line=\box37
\maxbalancingoverflow=\dimen150
\mult@rightbox=\box38
\mult@grightbox=\box39
\mult@gfirstbox=\box40
\mult@firstbox=\box41
\@tempa=\box42
\@tempa=\box43
\@tempa=\box44
\@tempa=\box45
\@tempa=\box46
\@tempa=\box47
\@tempa=\box48
\@tempa=\box49
\@tempa=\box50
\@tempa=\box51
\@tempa=\box52
\@tempa=\box53
\@tempa=\box54
\@tempa=\box55
\@tempa=\box56
\@tempa=\box57
\@tempa=\box58
\c@columnbadness=\count147
\c@finalcolumnbadness=\count148
\last@try=\dimen151
\multicolovershoot=\dimen152
\multicolundershoot=\dimen153
\mult@nat@firstbox=\box59
\colbreak@box=\box60
\mc@col@check@num=\count149
)
(/usr/share/texlive/texmf-dist/tex/latex/algorithm2e/algorithm2e.sty
Package: algorithm2e 2017/07/18 v5.2 algorithms environments
\c@AlgoLine=\count150
\algocf@hangindent=\skip63

(/usr/share/texlive/texmf-dist/tex/latex/ifoddpage/ifoddpage.sty
Package: ifoddpage 2016/04/23 v1.1 Conditionals for odd/even page detection
\c@checkoddpage=\count151
)
(/usr/share/texlive/texmf-dist/tex/latex/tools/xspace.sty
Package: xspace 2014/10/28 v1.13 Space after command names (DPC,MH)
)
(/usr/share/texlive/texmf-dist/tex/latex/relsize/relsize.sty
Package: relsize 2013/03/29 ver 4.1
)
\skiptotal=\skip64
\skiplinenumber=\skip65
\skiprule=\skip66
\skiphlne=\skip67
\skiptext=\skip68
\skiplength=\skip69
\algomargin=\skip70
\skipalgocfslide=\skip71
\algowidth=\dimen154
\inoutsize=\dimen155
\inoutindent=\dimen156
\interspacetitleruled=\dimen157
\interspacealgoruled=\dimen158
\interspacetitleboxruled=\dimen159
\algocf@ruledwidth=\skip72
\algocf@inoutbox=\box61
\algocf@inputbox=\box62
\AlCapSkip=\skip73
\AlCapHSkip=\skip74
\algoskipindent=\skip75
\algocf@nlbox=\box63
\algocf@hangingbox=\box64
\algocf@untilbox=\box65
\algocf@skipuntil=\skip76
\algocf@capbox=\box66
\algocf@lcaptionbox=\skip77
\algoheightruledefault=\skip78
\algoheightrule=\skip79
\algotitleheightruledefault=\skip80
\algotitleheightrule=\skip81
\c@algocfline=\count152
\c@algocfproc=\count153
\c@algocf=\count154
\algocf@algoframe=\box67
\algocf@algobox=\box68
))
Package csquotes Info: Checking for multilingual support...
Package csquotes Info: ... found 'babel' package.
Package csquotes Info: Adjusting default style.
Package csquotes Info: Redefining alias 'default' -> 'italian'.

(./build/Principal.aux)
\openout1 = `Principal.aux'.

LaTeX Font Info:    Checking defaults for OML/cmm/m/it on input line 7.
LaTeX Font Info:    ... okay on input line 7.
LaTeX Font Info:    Checking defaults for T1/cmr/m/n on input line 7.
LaTeX Font Info:    ... okay on input line 7.
LaTeX Font Info:    Checking defaults for OT1/cmr/m/n on input line 7.
LaTeX Font Info:    ... okay on input line 7.
LaTeX Font Info:    Checking defaults for OMS/cmsy/m/n on input line 7.
LaTeX Font Info:    ... okay on input line 7.
LaTeX Font Info:    Checking defaults for OMX/cmex/m/n on input line 7.
LaTeX Font Info:    ... okay on input line 7.
LaTeX Font Info:    Checking defaults for U/cmr/m/n on input line 7.
LaTeX Font Info:    ... okay on input line 7.
LaTeX Font Info:    Checking defaults for PD1/pdf/m/n on input line 7.
LaTeX Font Info:    ... okay on input line 7.

*geometry* driver: auto-detecting
*geometry* detected driver: pdftex
*geometry* verbose mode - [ preamble ] result:
* driver: pdftex
* paper: a4paper
* layout: <same size as paper>
* layoutoffset:(h,v)=(0.0pt,0.0pt)
* modes: 
* h-part:(L,W,R)=(81.94394pt, 433.62pt, 81.94394pt)
* v-part:(T,H,B)=(106.75473pt, 578.15999pt, 160.13213pt)
* \paperwidth=597.50787pt
* \paperheight=845.04684pt
* \textwidth=433.62pt
* \textheight=578.15999pt
* \oddsidemargin=9.67395pt
* \evensidemargin=9.67395pt
* \topmargin=4.41725pt
* \headheight=12.0pt
* \headsep=18.06749pt
* \topskip=10.0pt
* \footskip=25.29494pt
* \marginparwidth=69.0pt
* \marginparsep=7.0pt
* \columnsep=10.0pt
* \skip\footins=9.0pt plus 4.0pt minus 2.0pt
* \hoffset=0.0pt
* \voffset=0.0pt
* \mag=1000
* \@twocolumnfalse
* \@twosidefalse
* \@mparswitchfalse
* \@reversemarginfalse
* (1in=72.27pt=25.4mm, 1cm=28.453pt)

LaTeX Info: Redefining \it@ocap on input line 7.
LaTeX Info: Redefining \it@ccap on input line 7.

File italian.ldf warning: 
italian.ldf    With OT1 encoding guillemets are poorly faked
italian.ldf    Use T1 encoding
italian.ldf    or specify a font with command \CaporaliFrom
italian.ldf    See the documentation concerning the babel-italian typesetting 
italian.ldf    on input line 7.

\c@lstlisting=\count155
\AtBeginShipoutBox=\box69
Package hyperref Info: Link coloring OFF on input line 7.
(/usr/share/texlive/texmf-dist/tex/latex/hyperref/nameref.sty
Package: nameref 2016/05/21 v2.44 Cross-referencing by name of section

(/usr/share/texlive/texmf-dist/tex/generic/oberdiek/gettitlestring.sty
Package: gettitlestring 2016/05/16 v1.5 Cleanup title references (HO)
)
\c@section@level=\count156
)
LaTeX Info: Redefining \ref on input line 7.
LaTeX Info: Redefining \pageref on input line 7.
LaTeX Info: Redefining \nameref on input line 7.

(./build/Principal.out) (./build/Principal.out)
\@outlinefile=\write3
\openout3 = `Principal.out'.

Package caption Info: Begin \AtBeginDocument code.
Package caption Info: End \AtBeginDocument code.

(/usr/share/texlive/texmf-dist/tex/context/base/mkii/supp-pdf.mkii
[Loading MPS to PDF converter (version 2006.09.02).]
\scratchcounter=\count157
\scratchdimen=\dimen160
\scratchbox=\box70
\nofMPsegments=\count158
\nofMParguments=\count159
\everyMPshowfont=\toks29
\MPscratchCnt=\count160
\MPscratchDim=\dimen161
\MPnumerator=\count161
\makeMPintoPDFobject=\count162
\everyMPtoPDFconversion=\toks30
) (/usr/share/texlive/texmf-dist/tex/latex/oberdiek/epstopdf-base.sty
Package: epstopdf-base 2016/05/15 v2.6 Base part for package epstopdf

(/usr/share/texlive/texmf-dist/tex/latex/oberdiek/grfext.sty
Package: grfext 2016/05/16 v1.2 Manage graphics extensions (HO)
)
Package epstopdf-base Info: Redefining graphics rule for `.eps' on input line 4
38.
Package grfext Info: Graphics extension search list:
(grfext)             [.pdf,.png,.jpg,.mps,.jpeg,.jbig2,.jb2,.PDF,.PNG,.JPG,.JPE
G,.JBIG2,.JB2,.eps]
(grfext)             \AppendGraphicsExtensions on input line 456.

(/usr/share/texlive/texmf-dist/tex/latex/latexconfig/epstopdf-sys.cfg
File: epstopdf-sys.cfg 2010/07/13 v1.3 Configuration of (r)epstopdf for TeX Liv
e
))
(/usr/share/texlive/texmf-dist/tex/latex/oberdiek/pdflscape.sty
Package: pdflscape 2016/05/14 v0.11 Display of landscape pages in PDF (HO)

(/usr/share/texlive/texmf-dist/tex/latex/graphics/lscape.sty
Package: lscape 2000/10/22 v3.01 Landscape Pages (DPC)
)
Package pdflscape Info: Auto-detected driver: pdftex on input line 81.
)
LaTeX Font Info:    Try loading font information for U+msa on input line 9.

(/usr/share/texlive/texmf-dist/tex/latex/amsfonts/umsa.fd
File: umsa.fd 2013/01/14 v3.01 AMS symbols A
)
LaTeX Font Info:    Try loading font information for U+msb on input line 9.

(/usr/share/texlive/texmf-dist/tex/latex/amsfonts/umsb.fd
File: umsb.fd 2013/01/14 v3.01 AMS symbols B
) [1


{/var/lib/texmf/fonts/map/pdftex/updmap/pdftex.map}] (./build/Principal.tocpdfT
eX warning (ext4): destination with the same identifier (name{page.1}) has been
 already used, duplicate ignored
<to be read again> 
                   \relax 
l.104 ...rline {3.4.2}Grafi}{26}{subsection.3.4.2}
                                                  % [1

] [2] [3] [4] [5]
[6])
\tf@toc=\write4
\openout4 = `Principal.toc'.

 (./Chapters/01_Introduzione.tex [7]
Capitolo 1.
LaTeX Font Info:    Try loading font information for OMS+cmr on input line 13.
(/usr/share/texlive/texmf-dist/tex/latex/base/omscmr.fd
File: omscmr.fd 2014/09/29 v2.5h Standard LaTeX font definitions
)
LaTeX Font Info:    Font shape `OMS/cmr/m/n' in size <10> not available
(Font)              Font shape `OMS/cmsy/m/n' tried instead on input line 13.
 [8

])
(./Chapters/02_Analisi.tex [9]
Capitolo 2.
[10

]

Package hyperref Warning: Token not allowed in a PDF string (PDFDocEncoding):
(hyperref)                removing `math shift' on input line 36.


Package hyperref Warning: Token not allowed in a PDF string (PDFDocEncoding):
(hyperref)                removing `math shift' on input line 36.


Package hyperref Warning: Token not allowed in a PDF string (PDFDocEncoding):
(hyperref)                removing `math shift' on input line 42.


Package hyperref Warning: Token not allowed in a PDF string (PDFDocEncoding):
(hyperref)                removing `\Omega' on input line 42.


Package hyperref Warning: Token not allowed in a PDF string (PDFDocEncoding):
(hyperref)                removing `math shift' on input line 42.


Package hyperref Warning: Token not allowed in a PDF string (PDFDocEncoding):
(hyperref)                removing `math shift' on input line 48.


Package hyperref Warning: Token not allowed in a PDF string (PDFDocEncoding):
(hyperref)                removing `\Theta' on input line 48.


Package hyperref Warning: Token not allowed in a PDF string (PDFDocEncoding):
(hyperref)                removing `math shift' on input line 48.

[11] [12] [13]

Package hyperref Warning: Token not allowed in a PDF string (PDFDocEncoding):
(hyperref)                removing `math shift' on input line 187.


Package hyperref Warning: Token not allowed in a PDF string (PDFDocEncoding):
(hyperref)                removing `\omega' on input line 187.


Package hyperref Warning: Token not allowed in a PDF string (PDFDocEncoding):
(hyperref)                removing `math shift' on input line 187.

[14] [15] [16] [17]

Package Fancyhdr Warning: \headheight is too small (12.0pt): 
Make it at least 13.07225pt.
We now make it that large for the rest of the document.
This may cause the page layout to be inconsistent, however.

[18] (./Pseudocodice/0_SelectionSort.tex) (./Pseudocodice/1_Min.tex)
(./Pseudocodice/2_InsertionSort.tex) [19pdfTeX warning (ext4): destination with
 the same identifier (name{algocf.}) has been already used, duplicate ignored

\AtBegShi@Output ...ipout \box \AtBeginShipoutBox 
                                                  \fi \fi 
l.369 \paragraph
                {Correttezza e complessit\`a}] (./Pseudocodice/3_Merge.texpdfTe
X warning (ext4): destination with the same identifier (name{algocf.}) has been
 already used, duplicate ignored
<to be read again> 
                   \relax 
l.12 ...rst, \protect\Int last, \protect\Int mid}}
                                                  ) [20pdfTeX warning (ext4): d
estination with the same identifier (name{algocf.}) has been already used, dupl
icate ignored

\AtBegShi@Output ...ipout \box \AtBeginShipoutBox 
                                                  \fi \fi 
l.377 \subparagraph
                   {Costo computazionale} $O(n)$]
(./Pseudocodice/4_MergeSort.texpdfTeX warning (ext4): destination with the same
 identifier (name{algocf.}) has been already used, duplicate ignored
<to be read again> 
                   \relax 
l.12 ...A, \protect\Int first, \protect\Int last}}
                                                  ) [21])
(./Chapters/03_StruttureDati.tex [22]
Capitolo 3.
(./Pseudocodice/5_.texpdfTeX warning (ext4): destination with the same identifi
er (name{algocf.}) has been already used, duplicate ignored
<to be read again> 
                   \relax 
l.18 \caption{\protect\Sequence}
                                ) [23

] [24] (./Pseudocodice/6_.texpdfTeX warning (ext4): destination with the same i
dentifier (name{algocf.}) has been already used, duplicate ignored
<to be read again> 
                   \relax 
l.16 \caption{\protect\Set}
                           ) [25] (./Pseudocodice/7_.texpdfTeX warning (ext4): 
destination with the same identifier (name{algocf.}) has been already used, dup
licate ignored
<to be read again> 
                   \relax 
l.10 \caption{\protect\Dictionary}
                                  
LaTeX Font Info:    Font shape `OT1/cmtt/bx/n' in size <10> not available
(Font)              Font shape `OT1/cmtt/m/n' tried instead on input line 12.
) [26] (./Pseudocodice/8_.texpdfTeX warning (ext4): destination with the same i
dentifier (name{algocf.}) has been already used, duplicate ignored
<to be read again> 
                   \relax 
l.29 \caption{\protect\List}
                            
Overfull \hbox (15.0pt too wide) detected at line 82
[][] 
 []

) (./Pseudocodice/9_Stack.texpdfTeX warning (ext4): destination with the same i
dentifier (name{algocf.}) has been already used, duplicate ignored
<to be read again> 
                   \relax 
l.2 \caption{Stack}
                   ) [27] (./Pseudocodice/10_.texpdfTeX warning (ext4): destina
tion with the same identifier (name{algocf.}) has been already used, duplicate 
ignored
<to be read again> 
                   \relax 
l.19 \caption{\protect\Stack}
                             
Overfull \hbox (15.0pt too wide) detected at line 52
[][] 
 []

) (./Pseudocodice/11_.texpdfTeX warning (ext4): destination with the same ident
ifier (name{algocf.}) has been already used, duplicate ignored
<to be read again> 
                   \relax 
l.13 \caption{\protect\Queue}
                             ) [28] (./Pseudocodice/12_.texpdfTeX warning (ext4
): destination with the same identifier (name{algocf.}) has been already used, 
duplicate ignored
<to be read again> 
                   \relax 
l.19 \caption{\protect\Queue}
                             
Overfull \hbox (15.0pt too wide) detected at line 55
[][] 
 []

)) (./Chapters/04_Alberi.tex [29]
Capitolo 4.
[30

] (./Pseudocodice/13_.texpdfTeX warning (ext4): destination with the same ident
ifier (name{algocf.}) has been already used, duplicate ignored
<to be read again> 
                   \relax 
l.19 \caption{\protect\Tree}
                            ) [31] (./Pseudocodice/14_.texpdfTeX warning (ext4)
: destination with the same identifier (name{algocf.}) has been already used, d
uplicate ignored
<to be read again> 
                   \relax 
l.22 \caption{\protect\Binary}
                              
Overfull \hbox (15.0pt too wide) detected at line 61
[][] 
 []

) (./Pseudocodice/15_Dfs.texpdfTeX warning (ext4): destination with the same id
entifier (name{algocf.}) has been already used, duplicate ignored
<to be read again> 
                   \relax 
l.11 \caption{\protect\Dfs{\protect\Tree t}}
                                            ) [32] (./Pseudocodice/16_.texpdfTe
X warning (ext4): destination with the same identifier (name{algocf.}) has been
 already used, duplicate ignored
<to be read again> 
                   \relax 
l.19 \caption{\protect\Tree}
                            ) (./Pseudocodice/17_Dfs.texpdfTeX warning (ext4): 
destination with the same identifier (name{algocf.}) has been already used, dup
licate ignored
<to be read again> 
                   \relax 
l.12 \caption{\protect\Dfs{\protect\Tree t}}
                                            ) [33] (./Pseudocodice/18_.texpdfTe
X warning (ext4): destination with the same identifier (name{algocf.}) has been
 already used, duplicate ignored
<to be read again> 
                   \relax 
l.18 \caption{\protect\Bfs(\protect\Tree t)}
                                            ) [34] (./Pseudocodice/19_.texpdfTe
X warning (ext4): destination with the same identifier (name{algocf.}) has been
 already used, duplicate ignored
<to be read again> 
                   \relax 
l.25 \caption{\protect\Tree}
                            
Overfull \hbox (15.0pt too wide) detected at line 77
[][] 
 []

)) (./Chapters/05_AlberiRicerca.tex [35]
Capitolo 5.
(./Pseudocodice/20_.texpdfTeX warning (ext4): destination with the same identif
ier (name{algocf.}) has been already used, duplicate ignored
<to be read again> 
                   \relax 
l.24 \caption{\protect\SearchBinary}
                                    
Overfull \hbox (15.0pt too wide) detected at line 52
[][] 
 []

) (./Pseudocodice/21_.texpdfTeX warning (ext4): destination with the same ident
ifier (name{algocf.}) has been already used, duplicate ignored
<to be read again> 
                   \relax 
l.9 \caption{\protect\Dictionary}
                                 ) [36

] (./Pseudocodice/22_Lookup.texpdfTeX warning (ext4): destination with the same
 identifier (name{algocf.}) has been already used, duplicate ignored
<to be read again> 
                   \relax 
l.11 ...ect\Item \protect\Lookup{\protect\Item k}}
                                                  ) (./Pseudocodice/23_.texpdfT
eX warning (ext4): destination with the same identifier (name{algocf.}) has bee
n already used, duplicate ignored
<to be read again> 
                   \relax 
l.14 ...kupNode(\protect\Tree t, \protect\Item k)}
                                                  ) (./Pseudocodice/24_.texpdfT
eX warning (ext4): destination with the same identifier (name{algocf.}) has bee
n already used, duplicate ignored
<to be read again> 
                   \relax 
l.14 ...kupNode(\protect\Tree t, \protect\Item k)}
                                                  ) (./Pseudocodice/25_.texpdfT
eX warning (ext4): destination with the same identifier (name{algocf.}) has bee
n already used, duplicate ignored
<to be read again> 
                   \relax 
l.15 ...rotect\Tree \protect\Min(\protect\Tree t)}
                                                  ) (./Pseudocodice/26_.texpdfT
eX warning (ext4): destination with the same identifier (name{algocf.}) has bee
n already used, duplicate ignored
<to be read again> 
                   \relax 
l.15 ...rotect\Tree \protect\Max(\protect\Tree t)}
                                                  ) [37]
(./Pseudocodice/27_SuccessorNode.texpdfTeX warning (ext4): destination with the
 same identifier (name{algocf.}) has been already used, duplicate ignored
<to be read again> 
                   \relax 
l.15 ...n{\protect\SuccessorNode{\protect\Tree t}}
                                                  )
(./Pseudocodice/28_SuccessorNode.texpdfTeX warning (ext4): destination with the
 same identifier (name{algocf.}) has been already used, duplicate ignored
<to be read again> 
                   \relax 
l.15 ...n{\protect\SuccessorNode{\protect\Tree t}}
                                                  )
(./Pseudocodice/29_Insert.texpdfTeX warning (ext4): destination with the same i
dentifier (name{algocf.}) has been already used, duplicate ignored
<to be read again> 
                   \relax 
l.8 ...t\Insert{\protect\Item k, \protect\Item v}}
                                                  )
(./Pseudocodice/30_InsertNode.texpdfTeX warning (ext4): destination with the sa
me identifier (name{algocf.}) has been already used, duplicate ignored
<to be read again> 
                   \relax 
l.18 ...Tree t, \protect\Item k, \protect\Item v}}
                                                  ) (./Pseudocodice/31_Link.tex
pdfTeX warning (ext4): destination with the same identifier (name{algocf.}) has
 been already used, duplicate ignored
<to be read again> 
                   \relax 
l.18 ...Tree p, \protect\Tree u, \protect\Item k}}
                                                  ) [38]
(./Pseudocodice/32_Remove.texpdfTeX warning (ext4): destination with the same i
dentifier (name{algocf.}) has been already used, duplicate ignored
<to be read again> 
                   \relax 
l.8 \caption{\protect\Remove{\protect\Item k}}
                                              )
(./Pseudocodice/33_RemoveNode.texpdfTeX warning (ext4): destination with the sa
me identifier (name{algocf.}) has been already used, duplicate ignored
<to be read again> 
                   \relax 
l.21 ...oveNode{\protect\Tree T, \protect\Item k}}
                                                  ) [39] [40]
(./Pseudocodice/34_RotateLeft.texpdfTeX warning (ext4): destination with the sa
me identifier (name{algocf.}) has been already used, duplicate ignored
<to be read again> 
                   \relax 
l.18 ...Tree \protect\RotateLeft{\protect\Tree x}}
                                                  )
(./Pseudocodice/35_RotateLeft.texpdfTeX warning (ext4): destination with the sa
me identifier (name{algocf.}) has been already used, duplicate ignored
<to be read again> 
                   \relax 
l.18 ...Tree \protect\RotateLeft{\protect\Tree x}}
                                                  ) [41]
(./Pseudocodice/36_.texpdfTeX warning (ext4): destination with the same identif
ier (name{algocf.}) has been already used, duplicate ignored
<to be read again> 
                   \relax 
l.9 \caption{\protect\Tree}
                           ) [42] (./Pseudocodice/37_BalancedInsert.texpdfTeX w
arning (ext4): destination with the same identifier (name{algocf.}) has been al
ready used, duplicate ignored
<to be read again> 
                   \relax 
l.22 ...{\protect\BalancedInsert{\protect\Tree t}}
                                                  

LaTeX Warning: Float too large for page by 39.32878pt on input line 81.

) [43] [44] (./Pseudocodice/38_BalancedDelete.texpdfTeX warning (ext4): destina
tion with the same identifier (name{algocf.}) has been already used, duplicate 
ignored
<to be read again> 
                   \relax 
l.22 ...dDelete{\protect\Tree T, \protect\Tree t}}
                                                  
Overfull \hbox (30.40001pt too wide) detected at line 89
[][] 
 []

) [45]) (./Chapters/06_Hashing.tex [46] [47]
Capitolo 6.

Package hyperref Warning: Difference (2) between bookmark levels is greater 
(hyperref)                than one, level fixed on input line 5.

[48

] [49] [50] [51] (./Pseudocodice/39_.texpdfTeX warning (ext4): destination with
 the same identifier (name{algocf.}) has been already used, duplicate ignored
<to be read again> 
                   \relax 
l.24 \caption{\protect\Hash}
                            ) [52]) (./Chapters/07_InsiemiDizionari.tex
[53]
Capitolo 7.
(./Pseudocodice/40_.texpdfTeX warning (ext4): destination with the same identif
ier (name{algocf.}) has been already used, duplicate ignored
<to be read again> 
                   \relax 
l.31 \caption{\protect\Set (vettore booleano)}
                                              
Overfull \hbox (15.0pt too wide) detected at line 111
[][] 
 []

) [54

]
Overfull \vbox (31.6038pt too high) has occurred while \output is active []


[55] (./Pseudocodice/41_Difference.texpdfTeX warning (ext4): destination with t
he same identifier (name{algocf.}) has been already used, duplicate ignored
<to be read again> 
                   \relax 
l.30 ...ifference{\protect\Set A, \protect\Set B}}
                                                  )
(./Pseudocodice/42_Intersection.texpdfTeX warning (ext4): destination with the 
same identifier (name{algocf.}) has been already used, duplicate ignored
<to be read again> 
                   \relax 
l.35 ...ersection{\protect\Set A, \protect\Set B}}
                                                  ) [56] [57]
(./Pseudocodice/43_.texpdfTeX warning (ext4): destination with the same identif
ier (name{algocf.}) has been already used, duplicate ignored
<to be read again> 
                   \relax 
l.19 \caption{\protect\Insert{x}}
                                 ) (./Pseudocodice/44_.texpdfTeX warning (ext4)
: destination with the same identifier (name{algocf.}) has been already used, d
uplicate ignored
<to be read again> 
                   \relax 
l.19 \caption{\protect\Boolean \protect\Insert{x}}
                                                  )) (./Chapters/08_Grafi.tex
[58]
Capitolo 8.

Package hyperref Warning: Difference (2) between bookmark levels is greater 
(hyperref)                than one, level fixed on input line 2.

[59

] (./Pseudocodice/45_Graph.texpdfTeX warning (ext4): destination with the same 
identifier (name{algocf.}) has been already used, duplicate ignored
<to be read again> 
                   \relax 
l.15 \caption{Graph}
                    ) [60] [61]
(./Pseudocodice/46_Iterazione_su_tutti_i_nodi_del_grafo.texpdfTeX warning (ext4
): destination with the same identifier (name{algocf.}) has been already used, 
duplicate ignored
<to be read again> 
                   \relax 
l.3 \caption{Iterazione su tutti i nodi del grafo}
                                                  )
(./Pseudocodice/47_Iterazione_su_tutti_i_nodi_e_archi_del_grafo.texpdfTeX warni
ng (ext4): destination with the same identifier (name{algocf.}) has been alread
y used, duplicate ignored
<to be read again> 
                   \relax 
l.4 ...erazione su tutti i nodi e archi del grafo}
                                                  )
(./Pseudocodice/48_GraphTraversal.texpdfTeX warning (ext4): destination with th
e same identifier (name{algocf.}) has been already used, duplicate ignored
<to be read again> 
                   \relax 
l.20 ...versal{\protect\Graph G, \protect\Node r}}
                                                  )
(./Pseudocodice/49_GraphTraversal.texpdfTeX warning (ext4): destination with th
e same identifier (name{algocf.}) has been already used, duplicate ignored
<to be read again> 
                   \relax 
l.26 ...versal{\protect\Graph G, \protect\Node r}}
                                                  ) [62]
(./Pseudocodice/50_GraphTraversal.texpdfTeX warning (ext4): destination with th
e same identifier (name{algocf.}) has been already used, duplicate ignored
<to be read again> 
                   \relax 
l.27 ...ect\Int[] erdos, \protect\Node[] parents}}
                                                  )
(./Pseudocodice/51_GraphTraversal.texpdfTeX warning (ext4): destination with th
e same identifier (name{algocf.}) has been already used, duplicate ignored
<to be read again> 
                   \relax 
l.28 ...\protect\Node s, \protect\Node[] parents}}
                                                  ) [63]
(./Pseudocodice/52_GraphTraversal.texpdfTeX warning (ext4): destination with th
e same identifier (name{algocf.}) has been already used, duplicate ignored
<to be read again> 
                   \relax 
l.26 ...otect\Node u, \protect\Boolean[] visited}}
                                                  ) [64]
(./Pseudocodice/53_GraphTraversal.texpdfTeX warning (ext4): destination with th
e same identifier (name{algocf.}) has been already used, duplicate ignored
<to be read again> 
                   \relax 
l.26 ...versal{\protect\Graph G, \protect\Node r}}
                                                  ) [65]
(./Pseudocodice/54_CC.texpdfTeX warning (ext4): destination with the same ident
ifier (name{algocf.}) has been already used, duplicate ignored
<to be read again> 
                   \relax 
l.29 ...otect\Int[] \protect\CC{\protect\Graph G}}
                                                  )
(./Pseudocodice/55_CCdfs.texpdfTeX warning (ext4): destination with the same id
entifier (name{algocf.}) has been already used, duplicate ignored
<to be read again> 
                   \relax 
l.29 ...nter, \protect\Node u, \protect\Int[] id}}
                                                  )
(./Pseudocodice/56_HasCycle.texpdfTeX warning (ext4): destination with the same
 identifier (name{algocf.}) has been already used, duplicate ignored
<to be read again> 
                   \relax 
l.31 ...otect\Node p, \protect\Boolean[] visited}}
                                                  )
(./Pseudocodice/57_HasCycle.texpdfTeX warning (ext4): destination with the same
 identifier (name{algocf.}) has been already used, duplicate ignored
<to be read again> 
                   \relax 
l.33 ...ean[] \protect\HasCycle{\protect\Graph G}}
                                                  ) [66]
(./Pseudocodice/58_DfsSchema.texpdfTeX warning (ext4): destination with the sam
e identifier (name{algocf.}) has been already used, duplicate ignored
<to be read again> 
                   \relax 
l.34 ...me, \protect\Int[] dt, \protect\Int[] ft}}
                                                  )
(./Pseudocodice/59_HasCycle.texpdfTeX warning (ext4): destination with the same
 identifier (name{algocf.}) has been already used, duplicate ignored
<to be read again> 
                   \relax 
l.34 ...me, \protect\Int[] dt, \protect\Int[] ft}}
                                                  ) [67]
(./Pseudocodice/60_TopSort.texpdfTeX warning (ext4): destination with the same 
identifier (name{algocf.}) has been already used, duplicate ignored
<to be read again> 
                   \relax 
l.36 ...\Stack \protect\TopSort{\protect\Graph G}}
                                                  )
(./Pseudocodice/61_TsDfs.texpdfTeX warning (ext4): destination with the same id
entifier (name{algocf.}) has been already used, duplicate ignored
<to be read again> 
                   \relax 
l.37 ...tect\Boolean[] visited, \protect\Stack S}}
                                                  ) (./Pseudocodice/62_Scc.texp
dfTeX warning (ext4): destination with the same identifier (name{algocf.}) has 
been already used, duplicate ignored
<to be read again> 
                   \relax 
l.39 ...tect\Int[] \protect\Scc{\protect\Graph G}}
                                                   [68])
(./Pseudocodice/63_Transpose.texpdfTeX warning (ext4): destination with the sam
e identifier (name{algocf.}) has been already used, duplicate ignored
<to be read again> 
                   \relax 
l.39 ...nt[] \protect\Transpose{\protect\Graph G}}
                                                  ) [69]
(./Pseudocodice/64_CC.texpdfTeX warning (ext4): destination with the same ident
ifier (name{algocf.}) has been already used, duplicate ignored
<to be read again> 
                   \relax 
l.42 ...ct\CC{\protect\Graph G, \protect\Stack S}}
                                                  )
(./Pseudocodice/65_CCdfs.texpdfTeX warning (ext4): destination with the same id
entifier (name{algocf.}) has been already used, duplicate ignored
<to be read again> 
                   \relax 
l.42 ...nter, \protect\Node u, \protect\Int[] id}}
                                                  ))
(./Chapters/09_StruttureDatiSpeciali.tex [70]
Capitolo 9.
(./Pseudocodice/66_.texpdfTeX warning (ext4): destination with the same identif
ier (name{algocf.}) has been already used, duplicate ignored
<to be read again> 
                   \relax 
l.20 \caption{\protect\MinPriorityQueue}
                                        ) [71

] [72]
(./Pseudocodice/67_MaxHeapRestore.texpdfTeX warning (ext4): destination with th
e same identifier (name{algocf.}) has been already used, duplicate ignored
<to be read again> 
                   \relax 
l.24 ...Item[] A, \protect\Int i, \protect\Int i}}
                                                  )
(./Pseudocodice/68_HeapBuild.texpdfTeX warning (ext4): destination with the sam
e identifier (name{algocf.}) has been already used, duplicate ignored
<to be read again> 
                   \relax 
l.27 ...pBuild{\protect\Item[] A, \protect\Int n}}
                                                  ) [73]
(./Pseudocodice/69_Heapsort.texpdfTeX warning (ext4): destination with the same
 identifier (name{algocf.}) has been already used, duplicate ignored
<to be read again> 
                   \relax 
l.28 ...apsort{\protect\Item[] A, \protect\Int n}}
                                                  ) (./Pseudocodice/70_.texpdfT
eX warning (ext4): destination with the same identifier (name{algocf.}) has bee
n already used, duplicate ignored
<to be read again> 
                   \relax 
l.28 \caption{\protect\PriorityItem}
                                    ) (./Pseudocodice/71_Swap.texpdfTeX warning
 (ext4): destination with the same identifier (name{algocf.}) has been already 
used, duplicate ignored
<to be read again> 
                   \relax 
l.29 ...Item[] H, \protect\Int i, \protect\Int j}}
                                                  ) (./Pseudocodice/72_.texpdfT
eX warning (ext4): destination with the same identifier (name{algocf.}) has bee
n already used, duplicate ignored
<to be read again> 
                   \relax 
l.31 \caption{\protect\PriorityQueue}
                                     ) [74] (./Pseudocodice/73_Insert.texpdfTeX
 warning (ext4): destination with the same identifier (name{algocf.}) has been 
already used, duplicate ignored
<to be read again> 
                   \relax 
l.33 ...t\Insert{\protect\Item x, \protect\Int p}}
                                                  )
(./Pseudocodice/74_MinHeapRestore.texpdfTeX warning (ext4): destination with th
e same identifier (name{algocf.}) has been already used, duplicate ignored
<to be read again> 
                   \relax 
l.33 ...em[] A, \protect\Int i, \protect\Int dim}}
                                                  ) [75]
(./Pseudocodice/75_.texpdfTeX warning (ext4): destination with the same identif
ier (name{algocf.}) has been already used, duplicate ignored
<to be read again> 
                   \relax 
l.33 \caption{\protect\Item \protect\DeleteMin{}}
                                                 ) (./Pseudocodice/76_.texpdfTe
X warning (ext4): destination with the same identifier (name{algocf.}) has been
 already used, duplicate ignored
<to be read again> 
                   \relax 
l.33 \caption{\protect\Item \protect\Min{}}
                                           ) (./Pseudocodice/77_Decrease.texpdf
TeX warning (ext4): destination with the same identifier (name{algocf.}) has be
en already used, duplicate ignored
<to be read again> 
                   \relax 
l.33 ...{\protect\PriorityItem x, \protect\Int p}}
                                                  ) [76]
(./Pseudocodice/78_.texpdfTeX warning (ext4): destination with the same identif
ier (name{algocf.}) has been already used, duplicate ignored
<to be read again> 
                   \relax 
l.22 \caption{\protect\Mfset}
                             ) (./Pseudocodice/79_Cc.texpdfTeX warning (ext4): 
destination with the same identifier (name{algocf.}) has been already used, dup
licate ignored
<to be read again> 
                   \relax 
l.27 ...otect\Mfset \protect\Cc{\protect\Graph G}}
                                                  ) [77] [78]
(./Pseudocodice/80_.texpdfTeX warning (ext4): destination with the same identif
ier (name{algocf.}) has been already used, duplicate ignored
<to be read again> 
                   \relax 
l.33 \caption{\protect\Mfset}
                             ) (./Pseudocodice/81_Merge.texpdfTeX warning (ext4
): destination with the same identifier (name{algocf.}) has been already used, 
duplicate ignored
<to be read again> 
                   \relax 
l.34 ...ect\Merge{\protect\Int x, \protect\Int y}}
                                                  ) (./Pseudocodice/82_Find.tex
pdfTeX warning (ext4): destination with the same identifier (name{algocf.}) has
 been already used, duplicate ignored
<to be read again> 
                   \relax 
l.34 ...protect\Int \protect\Find{\protect\Int x}}
                                                  
Underfull \hbox (badness 10000) in paragraph at lines 188--39
[]\OT1/cmr/m/n/10 Nell'operazione \OT1/cmr/m/it/10 find(x) \OT1/cmr/m/n/10 l'al
-be-ro vie-
 []


Underfull \hbox (badness 6808) in paragraph at lines 188--39
\OT1/cmr/m/n/10 ne ap-piat-ti-to in mo-do che ri-cer-che suc-
 []


Underfull \hbox (badness 10000) in paragraph at lines 188--39
\OT1/cmr/m/n/10 ces-si-ve di $\OML/cmm/m/it/10 x$ \OT1/cmr/m/n/10 sia-no svol-t
e in $\OML/cmm/m/it/10 O\OT1/cmr/m/n/10 (1)$.
 []

)) (./Chapters/10_Scelta.tex [79]
Capitolo 10.
[80

] (./Pseudocodice/83_PrintPath.texpdfTeX warning (ext4): destination with the s
ame identifier (name{algocf.}) has been already used, duplicate ignored
<to be read again> 
                   \relax 
l.51 ...de s, \protect\Node d, \protect\Node[] T}}
                                                  ) [81]
(./Pseudocodice/84_ProCamMin.texpdfTeX warning (ext4): destination with the sam
e identifier (name{algocf.}) has been already used, duplicate ignored
<to be read again> 
                   \relax 
l.51 ...CamMin{\protect\Graph G, \protect\Node s}}
                                                  )
(./Pseudocodice/85_ProCamMin.texpdfTeX warning (ext4): destination with the sam
e identifier (name{algocf.}) has been already used, duplicate ignored
<to be read again> 
                   \relax 
l.51 ...CamMin{\protect\Graph G, \protect\Node s}}
                                                  )
(./Pseudocodice/86_ProCamMin.texpdfTeX warning (ext4): destination with the sam
e identifier (name{algocf.}) has been already used, duplicate ignored
<to be read again> 
                   \relax 
l.56 ...CamMin{\protect\Graph G, \protect\Node s}}
                                                  ) [82] [83]
(./Pseudocodice/87_ProCamMin.texpdfTeX warning (ext4): destination with the sam
e identifier (name{algocf.}) has been already used, duplicate ignored
<to be read again> 
                   \relax 
l.60 ...CamMin{\protect\Graph G, \protect\Node s}}
                                                  ) [84] [85]
(./Pseudocodice/88_ProCamMin.texpdfTeX warning (ext4): destination with the sam
e identifier (name{algocf.}) has been already used, duplicate ignored
<to be read again> 
                   \relax 
l.63 ...CamMin{\protect\Graph G, \protect\Node s}}
                                                  )
(./Pseudocodice/89_ProCamMin.texpdfTeX warning (ext4): destination with the sam
e identifier (name{algocf.}) has been already used, duplicate ignored
<to be read again> 
                   \relax 
l.66 ...CamMin{\protect\Graph G, \protect\Node s}}
                                                  ) [86]

Package hyperref Warning: Token not allowed in a PDF string (PDFDocEncoding):
(hyperref)                removing `math shift' on input line 164.


Package hyperref Warning: Token not allowed in a PDF string (PDFDocEncoding):
(hyperref)                removing `math shift' on input line 164.

[87]

Package hyperref Warning: Token not allowed in a PDF string (PDFDocEncoding):
(hyperref)                removing `math shift' on input line 167.


Package hyperref Warning: Token not allowed in a PDF string (PDFDocEncoding):
(hyperref)                removing `math shift' on input line 167.

(./Pseudocodice/90_ProCamMin.texpdfTeX warning (ext4): destination with the sam
e identifier (name{algocf.}) has been already used, duplicate ignored
<to be read again> 
                   \relax 
l.66 ...[])  \protect\ProCamMin{\protect\Graph G}}
                                                  ) [88])
(./Chapters/11_RisoluzioneProblemi.tex [89]
Capitolo 11.
[90

]) (./Chapters/12_DivideImpera.tex [91]
Capitolo 12.
(./Pseudocodice/91_Hanoi.texpdfTeX warning (ext4): destination with the same id
entifier (name{algocf.}) has been already used, duplicate ignored
<to be read again> 
                   \relax 
l.33 ...n, \protect\Int src, \protect\Int middle}}
                                                  ) [92

]
(./Pseudocodice/92_Pivot.texpdfTeX warning (ext4): destination with the same id
entifier (name{algocf.}) has been already used, duplicate ignored
<to be read again> 
                   \relax 
l.33 ... A, \protect\Int start, \protect\Int end}}
                                                  )
(./Pseudocodice/93_QuickSort.texpdfTeX warning (ext4): destination with the sam
e identifier (name{algocf.}) has been already used, duplicate ignored
<to be read again> 
                   \relax 
l.33 ... A, \protect\Int start, \protect\Int end}}
                                                  ) [93])
(./Chapters/13_ProgrammazioneDinamica.tex [94]
Capitolo 13.
[95

] (/usr/share/texlive/texmf-dist/tex/latex/listings/lstlang1.sty
File: lstlang1.sty 2018/09/02 1.7 listings language file
)
(./Codice/MemoizationAutomatica.py) (./Pseudocodice/94_Domino.texpdfTeX warning
 (ext4): destination with the same identifier (name{algocf.}) has been already 
used, duplicate ignored
<to be read again> 
                   \relax 
l.33 ...otect\Int \protect\Domino{\protect\Int n}}
                                                  ) [96]
(./Pseudocodice/95_Domino.texpdfTeX warning (ext4): destination with the same i
dentifier (name{algocf.}) has been already used, duplicate ignored
<to be read again> 
                   \relax 
l.33 ...otect\Int \protect\Domino{\protect\Int n}}
                                                  )
(./Pseudocodice/96_Domino.texpdfTeX warning (ext4): destination with the same i
dentifier (name{algocf.}) has been already used, duplicate ignored
<to be read again> 
                   \relax 
l.33 ...otect\Int \protect\Domino{\protect\Int n}}
                                                  ) [97]
(./Pseudocodice/97_Hateville.texpdfTeX warning (ext4): destination with the sam
e identifier (name{algocf.}) has been already used, duplicate ignored
<to be read again> 
                   \relax 
l.35 ...teville{\protect\Int[] D, \protect\Int n}}
                                                  ) [98]
(./Pseudocodice/98_Solution.texpdfTeX warning (ext4): destination with the same
 identifier (name{algocf.}) has been already used, duplicate ignored
<to be read again> 
                   \relax 
l.37 ...t[] DP, \protect\Int[] D, \protect\Int i}}
                                                  ) [99]
(./Pseudocodice/99_KnapSack.texpdfTeX warning (ext4): destination with the same
 identifier (name{algocf.}) has been already used, duplicate ignored
<to be read again> 
                   \relax 
l.37 ...\Int[] p, \protect\Int n, \protect\Int C}}
                                                  ) [100]
(./Pseudocodice/100_Knapsack_con_memoization.texpdfTeX warning (ext4): destinat
ion with the same identifier (name{algocf.}) has been already used, duplicate i
gnored
<to be read again> 
                   \relax 
l.40 \caption{Knapsack con memoization}
                                       ) [101]
(./Pseudocodice/101_Knapsack_senza_limiti_con_memoization.texpdfTeX warning (ex
t4): destination with the same identifier (name{algocf.}) has been already used
, duplicate ignored
<to be read again> 
                   \relax 
l.40 ...ion{Knapsack senza limiti con memoization}
                                                  ) [102]
(./Pseudocodice/102_Knapsack_senza_limiti_con_memoization.texpdfTeX warning (ex
t4): destination with the same identifier (name{algocf.}) has been already used
, duplicate ignored
<to be read again> 
                   \relax 
l.43 ...ion{Knapsack senza limiti con memoization}
                                                  ) [103] [104]
(./Pseudocodice/103_LCS.texpdfTeX warning (ext4): destination with the same ide
ntifier (name{algocf.}) has been already used, duplicate ignored
<to be read again> 
                   \relax 
l.45 ...LCS{\protect\Item[] T, \protect\Item[] U}}
                                                  ) [105]
(./Pseudocodice/104_LCS.texpdfTeX warning (ext4): destination with the same ide
ntifier (name{algocf.}) has been already used, duplicate ignored
<to be read again> 
                   \relax 
l.45 ...Item[] U, \protect\Int n, \protect\Int m}}
                                                  ) [106]
(./Pseudocodice/105_.texpdfTeX warning (ext4): destination with the same identi
fier (name{algocf.}) has been already used, duplicate ignored
<to be read again> 
                   \relax 
l.45 \caption{}
               ) [107]

Package amsmath Warning: Cannot use `split' here;
(amsmath)                trying to recover with `aligned' on input line 292.

(./Pseudocodice/106_StringMatching.texpdfTeX warning (ext4): destination with t
he same identifier (name{algocf.}) has been already used, duplicate ignored
<to be read again> 
                   \relax 
l.45 ...Item[] T, \protect\Int m, \protect\Int n}}
                                                  ) [108] [109]
(./Pseudocodice/107_RecPar.texpdfTeX warning (ext4): destination with the same 
identifier (name{algocf.}) has been already used, duplicate ignored
<to be read again> 
                   \relax 
l.45 ...Item[] c, \protect\Int i, \protect\Int j}}
                                                  ) [110]
(./Pseudocodice/108_ComputePar.texpdfTeX warning (ext4): destination with the s
ame identifier (name{algocf.}) has been already used, duplicate ignored
<to be read again> 
                   \relax 
l.45 ...utePar{\protect\Item[] c, \protect\Int n}}
                                                  )
(./Pseudocodice/109_Ricostruzione_della_soluzione_-_Stampa.texpdfTeX warning (e
xt4): destination with the same identifier (name{algocf.}) has been already use
d, duplicate ignored
<to be read again> 
                   \relax 
l.46 ...on{Ricostruzione della soluzione - Stampa}
                                                  )
(./Pseudocodice/110_Ricostruzione_della_soluzione_-_Calcolo_Effettivo.texpdfTeX
 warning (ext4): destination with the same identifier (name{algocf.}) has been 
already used, duplicate ignored
<to be read again> 
                   \relax 
l.48 ...zione della soluzione - Calcolo Effettivo}
                                                  ) [111] [112]
(./Pseudocodice/111_ComputePredecessor.texpdfTeX warning (ext4): destination wi
th the same identifier (name{algocf.}) has been already used, duplicate ignored

<to be read again> 
                   \relax 
l.48 ...nt[] a, \protect\Int[] b, \protect\Int n}}
                                                  )
(./Pseudocodice/112_MaxInterval.texpdfTeX warning (ext4): destination with the 
same identifier (name{algocf.}) has been already used, duplicate ignored
<to be read again> 
                   \relax 
l.50 ...t[] b, \protect\Int[] w,  \protect\Int n}}
                                                  )) (./Chapters/14_Greedy.tex
[113]
Capitolo 14.
[114

] [115] (./Pseudocodice/113_IndipendentSet.texpdfTeX warning (ext4): destinatio
n with the same identifier (name{algocf.}) has been already used, duplicate ign
ored
<to be read again> 
                   \relax 
l.50 ...ntSet{\protect\Int[] a, \protect\Int[] b}}
                                                  ) [116]
(./Pseudocodice/114_Resto.texpdfTeX warning (ext4): destination with the same i
dentifier (name{algocf.}) has been already used, duplicate ignored
<to be read again> 
                   \relax 
l.50 ...\Int[] t, \protect\Int n, \protect\Int R}}
                                                  )
(./Pseudocodice/115_Resto.texpdfTeX warning (ext4): destination with the same i
dentifier (name{algocf.}) has been already used, duplicate ignored
<to be read again> 
                   \relax 
l.50 ...\Int[] t, \protect\Int n, \protect\Int R}}
                                                  ) [117]
Overfull \hbox (13.64043pt too wide) in paragraph at lines 112--117
 []\OT1/cmr/bx/n/10 Dimostrazione[] \OT1/cmr/m/n/10 Si con-si-de-ri la per-mu-t
a-zio-ne ot-ti-ma $\OML/cmm/m/it/10 B \OT1/cmr/m/n/10 = [\OML/cmm/m/it/10 B\OT1
/cmr/m/n/10 [1]\OML/cmm/m/it/10 ; [] ; B\OT1/cmr/m/n/10 [\OML/cmm/m/it/10 m \OM
S/cmsy/m/n/10 ^^@ \OT1/cmr/m/n/10 1]\OML/cmm/m/it/10 ; B\OT1/cmr/m/n/10 [\OML/c
mm/m/it/10 m\OT1/cmr/m/n/10 ]\OML/cmm/m/it/10 ; B\OT1/cmr/m/n/10 [\OML/cmm/m/it
/10 m \OT1/cmr/m/n/10 + 1]\OML/cmm/m/it/10 ; [] ; B\OT1/cmr/m/n/10 [\OML/cmm/m/
it/10 n\OT1/cmr/m/n/10 ]]$
 []

[118] (./Pseudocodice/116_Zaino.texpdfTeX warning (ext4): destination with the 
same identifier (name{algocf.}) has been already used, duplicate ignored
<to be read again> 
                   \relax 
l.52 ...t[] v, \protect\Float C,\protect\Float n}}
                                                  ) [119]
(./Pseudocodice/117_Algoritmo_di_decodifica.texpdfTeX warning (ext4): destinati
on with the same identifier (name{algocf.}) has been already used, duplicate ig
nored
<to be read again> 
                   \relax 
l.52 \caption{Algoritmo di decodifica}
                                      ) (./Pseudocodice/118_Huffman.texpdfTeX w
arning (ext4): destination with the same identifier (name{algocf.}) has been al
ready used, duplicate ignored
<to be read again> 
                   \relax 
l.60 ...nt[] c, \protect\Int[] f, \protect\Int n}}
                                                  ) [120] [121]
(./Pseudocodice/119_MSTGenerico.texpdfTeX warning (ext4): destination with the 
same identifier (name{algocf.}) has been already used, duplicate ignored
<to be read again> 
                   \relax 
l.59 ...erico{\protect\Graph G, \protect\Int[] w}}
                                                  ) [122]
(./Pseudocodice/120_Kruskal.texpdfTeX warning (ext4): destination with the same
 identifier (name{algocf.}) has been already used, duplicate ignored
<to be read again> 
                   \relax 
l.63 ...Edge[] A, \protect\Int n, \protect\Int m}}
                                                  ) [123]
(./Pseudocodice/121_Prim.texpdfTeX warning (ext4): destination with the same id
entifier (name{algocf.}) has been already used, duplicate ignored
<to be read again> 
                   \relax 
l.68 ...\Prim{\protect\Graph G, \protect\Int[] p}}
                                                  )) (./Chapters/15_Locale.tex
[124]
Capitolo 15.
(./Pseudocodice/122_.texpdfTeX warning (ext4): destination with the same identi
fier (name{algocf.}) has been already used, duplicate ignored
<to be read again> 
                   \relax 
l.67 \caption{\protect\RicercaLocale{}}
                                       ) [125

] (./Pseudocodice/123_MaxFlow.texpdfTeX warning (ext4): destination with the sa
me identifier (name{algocf.}) has been already used, duplicate ignored
<to be read again> 
                   \relax 
l.67 ...e s, \protect\Node t, \protect\Int[][] c}}
                                                  ) [126]
(./Pseudocodice/124_MaxFlow.texpdfTeX warning (ext4): destination with the same
 identifier (name{algocf.}) has been already used, duplicate ignored
<to be read again> 
                   \relax 
l.67 ...e s, \protect\Node t, \protect\Int[][] c}}
                                                  ) [127] [128]
Overfull \hbox (18.07712pt too wide) in paragraph at lines 115--116
 []\OT1/cmr/bx/n/10 Dimostrazione[] \OT1/cmr/m/n/10 Nes-sun flus-so at-tra-ver-
so un ta-glio su-pe-ra la ca-pa-cit^^Ra di ta-glio: $\OML/cmm/m/it/10 F\OT1/cmr
/m/n/10 (\OML/cmm/m/it/10 S; T\OT1/cmr/m/n/10 ) \OMS/cmsy/m/n/10 ^^T \OML/cmm/m
/it/10 C\OT1/cmr/m/n/10 (\OML/cmm/m/it/10 S; T\OT1/cmr/m/n/10 )\OMS/cmsy/m/n/10
 8\OML/cmm/m/it/10 S \OMS/cmsy/m/n/10 ^^R
 []

[129]) (./Chapters/16_Backtrack.tex

Package Fancyhdr Warning: \headheight is too small (13.07225pt): 
Make it at least 22.43335pt.
We now make it that large for the rest of the document.
This may cause the page layout to be inconsistent, however.

[130]
Capitolo 16.
[131

] (./Pseudocodice/125_.texpdfTeX warning (ext4): destination with the same iden
tifier (name{algocf.}) has been already used, duplicate ignored
<to be read again> 
                   \relax 
l.67 ...] S, \protect\Int i, $<$dati parziali$>$}}
                                                  )
(./Pseudocodice/126_SubsetRec.texpdfTeX warning (ext4): destination with the sa
me identifier (name{algocf.}) has been already used, duplicate ignored
<to be read again> 
                   \relax 
l.67 ...Int n, \protect\Item[] S, \protect\Int i}}
                                                  ) [132]
(./Pseudocodice/127_Subset.texpdfTeX warning (ext4): destination with the same 
identifier (name{algocf.}) has been already used, duplicate ignored
<to be read again> 
                   \relax 
l.67 \caption{\protect\Subset{\protect\Int n}}
                                              )
(./Pseudocodice/128_ProcessSolution.texpdfTeX warning (ext4): destination with 
the same identifier (name{algocf.}) has been already used, duplicate ignored
<to be read again> 
                   \relax 
l.68 ...olution{\protect\Int[] S, \protect\Int n}}
                                                  )
(./Pseudocodice/129_Subset.texpdfTeX warning (ext4): destination with the same 
identifier (name{algocf.}) has been already used, duplicate ignored
<to be read again> 
                   \relax 
l.68 \caption{\protect\Subset{\protect\Int n}}
                                              ) (./Pseudocodice/130_PermRec.tex
pdfTeX warning (ext4): destination with the same identifier (name{algocf.}) has
 been already used, duplicate ignored
<to be read again> 
                   \relax 
l.69 ...ermRec{\protect\Item[] S, \protect\Int i}}
                                                  )
(./Pseudocodice/131_Permutation.texpdfTeX warning (ext4): destination with the 
same identifier (name{algocf.}) has been already used, duplicate ignored
<to be read again> 
                   \relax 
l.67 ...tation{\protect\Item[] S, \protect\Int n}}
                                                  ) (./Pseudocodice/132_.texpdf
TeX warning (ext4): destination with the same identifier (name{algocf.}) has be
en already used, duplicate ignored
<to be read again> 
                   \relax 
l.67 ...[] S, \protect\Int i,$<$dati parziali$>$}}
                                                  ) [133]
(./Pseudocodice/133_PermRec.texpdfTeX warning (ext4): destination with the same
 identifier (name{algocf.}) has been already used, duplicate ignored
<to be read again> 
                   \relax 
l.69 ...ssing, \protect\Item[] S, \protect\Int i}}
                                                  )
(./Pseudocodice/134_Suset_sum.texpdfTeX warning (ext4): destination with the sa
me identifier (name{algocf.}) has been already used, duplicate ignored
<to be read again> 
                   \relax 
l.69 \caption{Suset sum}
                        ) [134] [135] (./Pseudocodice/135_Queens.texpdfTeX warn
ing (ext4): destination with the same identifier (name{algocf.}) has been alrea
dy used, duplicate ignored
<to be read again> 
                   \relax 
l.67 ...\Int n, \protect\Int[] S, \protect\Int i}}
                                                  ) [136]
(./Pseudocodice/136_Cavallo.texpdfTeX warning (ext4): destination with the same
 identifier (name{algocf.}) has been already used, duplicate ignored
<to be read again> 
                   \relax 
l.67 ...ct\Int i, \protect\Int x, \protect\Int y}}
                                                  )
(./Pseudocodice/137_Choices.texpdfTeX warning (ext4): destination with the same
 identifier (name{algocf.}) has been already used, duplicate ignored
<to be read again> 
                   \relax 
l.67 ...nt[][] S, \protect\Int x, \protect\Int y}}
                                                  ) [137] [138]
(./Pseudocodice/138_Sudoku.texpdfTeX warning (ext4): destination with the same 
identifier (name{algocf.}) has been already used, duplicate ignored
<to be read again> 
                   \relax 
l.67 ...udoku{\protect\Int[][] S, \protect\Int i}}
                                                  )
(./Pseudocodice/139_Choices.texpdfTeX warning (ext4): destination with the same
 identifier (name{algocf.}) has been already used, duplicate ignored
<to be read again> 
                   \relax 
l.67 ...nt[][] S, \protect\Int x, \protect\Int y}}
                                                  )
(./Pseudocodice/140_Check.texpdfTeX warning (ext4): destination with the same i
dentifier (name{algocf.}) has been already used, duplicate ignored
<to be read again> 
                   \relax 
l.67 ...ct\Int x, \protect\Int y, \protect\Int c}}
                                                  )

Package hyperref Warning: Token not allowed in a PDF string (PDFDocEncoding):
(hyperref)                removing `math shift' on input line 184.


Package hyperref Warning: Token not allowed in a PDF string (PDFDocEncoding):
(hyperref)                removing `superscript' on input line 184.


Package hyperref Warning: Token not allowed in a PDF string (PDFDocEncoding):
(hyperref)                removing `math shift' on input line 184.

[139] (./Pseudocodice/141_SameSize.texpdfTeX warning (ext4): destination with t
he same identifier (name{algocf.}) has been already used, duplicate ignored
<to be read again> 
                   \relax 
l.68 ..., \protect\Point $p$, \protect\Point $q$}}
                                                  )
(./Pseudocodice/142_Graham.texpdfTeX warning (ext4): destination with the same 
identifier (name{algocf.}) has been already used, duplicate ignored
<to be read again> 
                   \relax 
l.73 ...raham{\protect\Point[] p, \protect\Int n}}
                                                  ) [140])
(./Chapters/17_Prob.tex [141]
Capitolo 17.

Underfull \hbox (badness 10000) in paragraph at lines 13--15

 []

(./Pseudocodice/149_isPrime1.texpdfTeX warning (ext4): destination with the sam
e identifier (name{algocf.}) has been already used, duplicate ignored
<to be read again> 
                   \relax 
l.75 ...\Boolean \protect\IsPrime{\protect\Int n}}
                                                  )
(./Pseudocodice/150_isPrime2.texpdfTeX warning (ext4): destination with the sam
e identifier (name{algocf.}) has been already used, duplicate ignored
<to be read again> 
                   \relax 
l.75 ...\Boolean \protect\IsPrime{\protect\Int n}}
                                                  )
Overfull \vbox (1.08842pt too high) has occurred while \output is active []


[142

] (./Pseudocodice/151_isPrime3.texpdfTeX warning (ext4): destination with the s
ame identifier (name{algocf.}) has been already used, duplicate ignored
<to be read again> 
                   \relax 
l.75 ...\Boolean \protect\IsPrime{\protect\Int n}}
                                                  ) [143]
(./Pseudocodice/152_heapSelect.texpdfTeX warning (ext4): destination with the s
ame identifier (name{algocf.}) has been already used, duplicate ignored
<to be read again> 
                   \relax 
l.75 ...Item[] A, \protect\Int n, \protect\Int k}}
                                                  )
(./Pseudocodice/153_selection.texpdfTeX warning (ext4): destination with the sa
me identifier (name{algocf.}) has been already used, duplicate ignored
<to be read again> 
                   \relax 
l.75 ... start, \protect\Int end, \protect\Int k}}
                                                  ) [144]
(./Pseudocodice/154_selectionDet.texpdfTeX warning (ext4): destination with the
 same identifier (name{algocf.}) has been already used, duplicate ignored
<to be read again> 
                   \relax 
l.75 ... start, \protect\Int end, \protect\Int k}}
                                                  ) [145])
(./Chapters/18_PNP.tex [146]
Capitolo 18.
[147

] [148] [149] [150]

Package hyperref Warning: Token not allowed in a PDF string (PDFDocEncoding):
(hyperref)                removing `math shift' on input line 99.


Package hyperref Warning: Token not allowed in a PDF string (PDFDocEncoding):
(hyperref)                removing `math shift' on input line 99.


Package hyperref Warning: Token not allowed in a PDF string (PDFDocEncoding):
(hyperref)                removing `math shift' on input line 99.


Package hyperref Warning: Token not allowed in a PDF string (PDFDocEncoding):
(hyperref)                removing `math shift' on input line 99.

[151]

Package hyperref Warning: Token not allowed in a PDF string (PDFDocEncoding):
(hyperref)                removing `math shift' on input line 143.


Package hyperref Warning: Token not allowed in a PDF string (PDFDocEncoding):
(hyperref)                removing `math shift' on input line 143.


Package hyperref Warning: Token not allowed in a PDF string (PDFDocEncoding):
(hyperref)                removing `math shift' on input line 147.


Package hyperref Warning: Token not allowed in a PDF string (PDFDocEncoding):
(hyperref)                removing `math shift' on input line 147.

[152]) (./Chapters/19_Intrattabili.tex [153]
Capitolo 19.
(./Pseudocodice/143_subSumDim.texpdfTeX warning (ext4): destination with the sa
me identifier (name{algocf.}) has been already used, duplicate ignored
<to be read again> 
                   \relax 
l.73 ...\Int[] A, \protect\Int n, \protect\Int k}}
                                                  ) [154

]
(./Pseudocodice/144_subSumBack.texpdfTeX warning (ext4): destination with the s
ame identifier (name{algocf.}) has been already used, duplicate ignored
<to be read again> 
                   \relax 
l.73 ...tect[] A, \protect\Int i, \protect\Int r}}
                                                  )
(./Pseudocodice/145_subSumMem.texpdfTeX warning (ext4): destination with the sa
me identifier (name{algocf.}) has been already used, duplicate ignored
<to be read again> 
                   \relax 
l.75 ...t i, \protect\Int r, \protect\Dictionary}}
                                                  ) [155]

Package hyperref Warning: Token not allowed in a PDF string (PDFDocEncoding):
(hyperref)                removing `math shift' on input line 37.


Package hyperref Warning: Token not allowed in a PDF string (PDFDocEncoding):
(hyperref)                removing `math shift' on input line 37.


Package hyperref Warning: Token not allowed in a PDF string (PDFDocEncoding):
(hyperref)                removing `math shift' on input line 59.


Package hyperref Warning: Token not allowed in a PDF string (PDFDocEncoding):
(hyperref)                removing `math shift' on input line 59.

[156]

Package hyperref Warning: Token not allowed in a PDF string (PDFDocEncoding):
(hyperref)                removing `math shift' on input line 81.


Package hyperref Warning: Token not allowed in a PDF string (PDFDocEncoding):
(hyperref)                removing `math shift' on input line 81.

[157] [158]

Package hyperref Warning: Token not allowed in a PDF string (PDFDocEncoding):
(hyperref)                removing `math shift' on input line 129.


Package hyperref Warning: Token not allowed in a PDF string (PDFDocEncoding):
(hyperref)                removing `\Delta' on input line 129.


Package hyperref Warning: Token not allowed in a PDF string (PDFDocEncoding):
(hyperref)                removing `math shift' on input line 129.

[159] (./Pseudocodice/146_greedyTsp.texpdfTeX warning (ext4): destination with 
the same identifier (name{algocf.}) has been already used, duplicate ignored
<to be read again> 
                   \relax 
l.75 ...\Set \protect\GreedyTsp{\protect\Graph G}}
                                                  ) [160] [161]
(./Pseudocodice/147_branchBoundGenerale.texpdfTeX warning (ext4): destination w
ith the same identifier (name{algocf.}) has been already used, duplicate ignore
d
<to be read again> 
                   \relax 
l.75 ...] S, \protect\Int i, $<$dati parziali$>$}}
                                                  ) [162]
(./Pseudocodice/148_branchBoundTSP.texpdfTeX warning (ext4): destination with t
he same identifier (name{algocf.}) has been already used, duplicate ignored
<to be read again> 
                   \relax 
l.75 ...ct\Set R, \protect\Int n, \protect\Int i}}
                                                  ) [163])
(./Chapters/20_Ordinamento.tex [164]
Capitolo 20.
[165

] (./Pseudocodice/155_countingSort.texpdfTeX warning (ext4): destination with t
he same identifier (name{algocf.}) has been already used, duplicate ignored
<to be read again> 
                   \relax 
l.75 ...Item[] A, \protect\Int n, \protect\Int k}}
                                                  ) [166] [167])
Package atveryend Info: Empty hook `BeforeClearDocument' on input line 30.
 [168]
Package atveryend Info: Empty hook `AfterLastShipout' on input line 30.

(./build/Principal.aux)
Package atveryend Info: Executing hook `AtVeryEndDocument' on input line 30.
Package atveryend Info: Executing hook `AtEndAfterFileList' on input line 30.
Package rerunfilecheck Info: File `Principal.out' has not changed.
(rerunfilecheck)             Checksum: <no file>.
 ) 
Here is how much of TeX's memory you used:
 15694 strings out of 492615
 227491 string characters out of 6131390
 538475 words of memory out of 5000000
 17733 multiletter control sequences out of 15000+600000
 16987 words of font info for 64 fonts, out of 8000000 for 9000
 1141 hyphenation exceptions out of 8191
 39i,22n,43p,816b,1263s stack positions out of 5000i,500n,10000p,200000b,80000s
</usr/share/texlive/texmf-dist/fonts/type1/public/amsfonts/cm/cmbx10.pfb></us
r/share/texlive/texmf-dist/fonts/type1/public/amsfonts/cm/cmbx12.pfb></usr/shar
e/texlive/texmf-dist/fonts/type1/public/amsfonts/cm/cmbx7.pfb></usr/share/texli
ve/texmf-dist/fonts/type1/public/amsfonts/cm/cmbx8.pfb></usr/share/texlive/texm
f-dist/fonts/type1/public/amsfonts/cm/cmbx9.pfb></usr/share/texlive/texmf-dist/
fonts/type1/public/amsfonts/cm/cmbxti10.pfb></usr/share/texlive/texmf-dist/font
s/type1/public/amsfonts/cm/cmex10.pfb></usr/share/texlive/texmf-dist/fonts/type
1/public/amsfonts/cmextra/cmex7.pfb></usr/share/texlive/texmf-dist/fonts/type1/
public/amsfonts/cm/cmmi10.pfb></usr/share/texlive/texmf-dist/fonts/type1/public
/amsfonts/cm/cmmi12.pfb></usr/share/texlive/texmf-dist/fonts/type1/public/amsfo
nts/cm/cmmi5.pfb></usr/share/texlive/texmf-dist/fonts/type1/public/amsfonts/cm/
cmmi7.pfb></usr/share/texlive/texmf-dist/fonts/type1/public/amsfonts/cm/cmr10.p
fb></usr/share/texlive/texmf-dist/fonts/type1/public/amsfonts/cm/cmr12.pfb></us
r/share/texlive/texmf-dist/fonts/type1/public/amsfonts/cm/cmr5.pfb></usr/share/
texlive/texmf-dist/fonts/type1/public/amsfonts/cm/cmr7.pfb></usr/share/texlive/
texmf-dist/fonts/type1/public/amsfonts/cm/cmr9.pfb></usr/share/texlive/texmf-di
st/fonts/type1/public/amsfonts/cm/cmss10.pfb></usr/share/texlive/texmf-dist/fon
ts/type1/public/amsfonts/cm/cmsy10.pfb></usr/share/texlive/texmf-dist/fonts/typ
e1/public/amsfonts/cm/cmsy5.pfb></usr/share/texlive/texmf-dist/fonts/type1/publ
ic/amsfonts/cm/cmsy7.pfb></usr/share/texlive/texmf-dist/fonts/type1/public/amsf
onts/cm/cmti10.pfb></usr/share/texlive/texmf-dist/fonts/type1/public/amsfonts/c
m/cmtt10.pfb></usr/share/texlive/texmf-dist/fonts/type1/public/amsfonts/symbols
/msam10.pfb></usr/share/texlive/texmf-dist/fonts/type1/public/amsfonts/symbols/
msbm10.pfb>
Output written on ./build/Principal.pdf (169 pages, 753417 bytes).
PDF statistics:
 3156 PDF objects out of 3580 (max. 8388607)
 2930 compressed objects within 30 object streams
 1146 named destinations out of 1200 (max. 500000)
 2201 words of extra memory for PDF output out of 10000 (max. 10000000)

