\BOOKMARK [0][-]{chapter.1}{Introduzione}{}% 1
\BOOKMARK [1][-]{section.1.1}{Descrizione di un algoritmo}{chapter.1}% 2
\BOOKMARK [2][-]{subsection.1.1.1}{Pseudo-codice}{section.1.1}% 3
\BOOKMARK [1][-]{section.1.2}{Valutazione degli algoritmi}{chapter.1}% 4
\BOOKMARK [2][-]{subsection.1.2.1}{Efficienza}{section.1.2}% 5
\BOOKMARK [2][-]{subsection.1.2.2}{Correttezza}{section.1.2}% 6
\BOOKMARK [0][-]{chapter.2}{Analisi di algoritmi}{}% 7
\BOOKMARK [1][-]{section.2.1}{Modelli di calcolo}{chapter.2}% 8
\BOOKMARK [2][-]{subsection.2.1.1}{Macchina di Turing}{section.2.1}% 9
\BOOKMARK [2][-]{subsection.2.1.2}{Random Access Machine \(RAM\)}{section.2.1}% 10
\BOOKMARK [1][-]{section.2.2}{Funzioni di costo, analisi asintotica}{chapter.2}% 11
\BOOKMARK [2][-]{subsection.2.2.1}{Notazione O}{section.2.2}% 12
\BOOKMARK [2][-]{subsection.2.2.2}{Notazione }{section.2.2}% 13
\BOOKMARK [2][-]{subsection.2.2.3}{Notazione }{section.2.2}% 14
\BOOKMARK [2][-]{subsection.2.2.4}{Propriet\340 della notazione asintotica}{section.2.2}% 15
\BOOKMARK [2][-]{subsection.2.2.5}{Notazioni o, }{section.2.2}% 16
\BOOKMARK [2][-]{subsection.2.2.6}{Classificazione delle funzioni}{section.2.2}% 17
\BOOKMARK [1][-]{section.2.3}{Ricorrenze}{chapter.2}% 18
\BOOKMARK [2][-]{subsection.2.3.1}{Analisi per livelli}{section.2.3}% 19
\BOOKMARK [2][-]{subsection.2.3.2}{Metodo della sostituzione}{section.2.3}% 20
\BOOKMARK [2][-]{subsection.2.3.3}{Metodo delle ricorrenze comuni}{section.2.3}% 21
\BOOKMARK [1][-]{section.2.4}{Relazione tra complessit\340 di un problema e di un algoritmo}{chapter.2}% 22
\BOOKMARK [2][-]{subsection.2.4.1}{Complessit\340 in tempo di un algoritmo}{section.2.4}% 23
\BOOKMARK [2][-]{subsection.2.4.2}{Complessit\340 in tempo di un problema computazionale}{section.2.4}% 24
\BOOKMARK [1][-]{section.2.5}{Valutare algoritmi in base alla tipologia di input}{chapter.2}% 25
\BOOKMARK [2][-]{subsection.2.5.1}{Tipologie di analisi}{section.2.5}% 26
\BOOKMARK [2][-]{subsection.2.5.2}{Algoritmi di ordinamento}{section.2.5}% 27
\BOOKMARK [1][-]{section.2.6}{Analisi ammortizzata}{chapter.2}% 28
\BOOKMARK [2][-]{subsection.2.6.1}{Metodi per l'analisi ammortizzata}{section.2.6}% 29
\BOOKMARK [0][-]{chapter.3}{Strutture dati}{}% 30
\BOOKMARK [1][-]{section.3.1}{Sequenza}{chapter.3}% 31
\BOOKMARK [1][-]{section.3.2}{Insiemi}{chapter.3}% 32
\BOOKMARK [1][-]{section.3.3}{Dizionari}{chapter.3}% 33
\BOOKMARK [1][-]{section.3.4}{Alberi e grafi}{chapter.3}% 34
\BOOKMARK [2][-]{subsection.3.4.1}{Alberi ordinati}{section.3.4}% 35
\BOOKMARK [2][-]{subsection.3.4.2}{Grafi}{section.3.4}% 36
\BOOKMARK [2][-]{subsection.3.4.3}{Operazioni}{section.3.4}% 37
\BOOKMARK [1][-]{section.3.5}{Lista}{chapter.3}% 38
\BOOKMARK [1][-]{section.3.6}{Pila}{chapter.3}% 39
\BOOKMARK [1][-]{section.3.7}{Coda}{chapter.3}% 40
\BOOKMARK [0][-]{chapter.4}{Alberi}{}% 41
\BOOKMARK [1][-]{section.4.1}{Alberi radicati}{chapter.4}% 42
\BOOKMARK [2][-]{subsection.4.1.1}{Definizioni}{section.4.1}% 43
\BOOKMARK [2][-]{subsection.4.1.2}{Terminologia}{section.4.1}% 44
\BOOKMARK [1][-]{section.4.2}{Visite di alberi}{chapter.4}% 45
\BOOKMARK [2][-]{subsection.4.2.1}{Visita in profondit\340}{section.4.2}% 46
\BOOKMARK [2][-]{subsection.4.2.2}{Visita in ampiezza}{section.4.2}% 47
\BOOKMARK [1][-]{section.4.3}{Albero binario}{chapter.4}% 48
\BOOKMARK [2][-]{subsection.4.3.1}{Specifica}{section.4.3}% 49
\BOOKMARK [2][-]{subsection.4.3.2}{Memorizzazione e implementazione}{section.4.3}% 50
\BOOKMARK [2][-]{subsection.4.3.3}{Visita in profondit\340}{section.4.3}% 51
\BOOKMARK [1][-]{section.4.4}{Alberi generici}{chapter.4}% 52
\BOOKMARK [2][-]{subsection.4.4.1}{Specifica}{section.4.4}% 53
\BOOKMARK [2][-]{subsection.4.4.2}{Memorizzazione}{section.4.4}% 54
\BOOKMARK [0][-]{chapter.5}{Alberi di ricerca}{}% 55
\BOOKMARK [1][-]{section.5.1}{Specifica}{chapter.5}% 56
\BOOKMARK [2][-]{subsection.5.1.1}{Ricerca}{section.5.1}% 57
\BOOKMARK [2][-]{subsection.5.1.2}{Minimo e massimo}{section.5.1}% 58
\BOOKMARK [2][-]{subsection.5.1.3}{Successore e predecessore}{section.5.1}% 59
\BOOKMARK [2][-]{subsection.5.1.4}{Inserimento}{section.5.1}% 60
\BOOKMARK [2][-]{subsection.5.1.5}{Cancellazione}{section.5.1}% 61
\BOOKMARK [1][-]{section.5.2}{Costo computazionale}{chapter.5}% 62
\BOOKMARK [1][-]{section.5.3}{Alberi di ricerca bilanciati}{chapter.5}% 63
\BOOKMARK [2][-]{subsection.5.3.1}{Alberi red-black}{section.5.3}% 64
\BOOKMARK [0][-]{chapter.6}{Hashing}{}% 65
\BOOKMARK [1][-]{subsection.6.0.1}{Definizioni}{chapter.6}% 66
\BOOKMARK [1][-]{section.6.1}{Funzioni hash}{chapter.6}% 67
\BOOKMARK [2][-]{subsection.6.1.1}{Come realizzare una funzione hash}{section.6.1}% 68
\BOOKMARK [1][-]{section.6.2}{Le collisioni}{chapter.6}% 69
\BOOKMARK [2][-]{subsection.6.2.1}{Liste o vettori di trabocco \(Concatenamento o chaining\)}{section.6.2}% 70
\BOOKMARK [2][-]{subsection.6.2.2}{Indirizzamento aperto}{section.6.2}% 71
\BOOKMARK [1][-]{section.6.3}{Complessit\340}{chapter.6}% 72
\BOOKMARK [0][-]{chapter.7}{Insiemi e dizionari}{}% 73
\BOOKMARK [1][-]{section.7.1}{Insiemi}{chapter.7}% 74
\BOOKMARK [2][-]{subsection.7.1.1}{Insiemi realizzati con vettori booleani}{section.7.1}% 75
\BOOKMARK [2][-]{subsection.7.1.2}{Insiemi realizzati con liste}{section.7.1}% 76
\BOOKMARK [2][-]{subsection.7.1.3}{Strutture dati complesse}{section.7.1}% 77
\BOOKMARK [1][-]{section.7.2}{Bloom filters}{chapter.7}% 78
\BOOKMARK [2][-]{subsection.7.2.1}{Specifica}{section.7.2}% 79
\BOOKMARK [2][-]{subsection.7.2.2}{Applicazioni}{section.7.2}% 80
\BOOKMARK [2][-]{subsection.7.2.3}{Implementazione}{section.7.2}% 81
\BOOKMARK [2][-]{subsection.7.2.4}{Caratterizzazione matematica}{section.7.2}% 82
\BOOKMARK [0][-]{chapter.8}{Grafi}{}% 83
\BOOKMARK [1][-]{subsection.8.0.1}{Definizioni}{chapter.8}% 84
\BOOKMARK [2][-]{subsection.8.0.2}{Specifica}{subsection.8.0.1}% 85
\BOOKMARK [1][-]{section.8.1}{Memorizzare grafi}{chapter.8}% 86
\BOOKMARK [2][-]{subsection.8.1.1}{Matrice di adiacenza}{section.8.1}% 87
\BOOKMARK [2][-]{subsection.8.1.2}{Liste di adiacenza}{section.8.1}% 88
\BOOKMARK [2][-]{subsection.8.1.3}{Iterazioni su nodi e archi}{section.8.1}% 89
\BOOKMARK [1][-]{section.8.2}{Visite dei grafi}{chapter.8}% 90
\BOOKMARK [2][-]{subsection.8.2.1}{Visita in ampiezza o breadth-first search}{section.8.2}% 91
\BOOKMARK [2][-]{subsection.8.2.2}{Visita in profondit\340 o depth-first search}{section.8.2}% 92
\BOOKMARK [0][-]{chapter.9}{Strutture dati speciali}{}% 93
\BOOKMARK [1][-]{section.9.1}{Code con priorit\340}{chapter.9}% 94
\BOOKMARK [2][-]{subsection.9.1.1}{Specifica}{section.9.1}% 95
\BOOKMARK [2][-]{subsection.9.1.2}{Implementazioni}{section.9.1}% 96
\BOOKMARK [2][-]{subsection.9.1.3}{Heap}{section.9.1}% 97
\BOOKMARK [2][-]{subsection.9.1.4}{Implementazione di code con priorit\340}{section.9.1}% 98
\BOOKMARK [1][-]{section.9.2}{Insiemi disgiunti - Merge-find set}{chapter.9}% 99
\BOOKMARK [2][-]{subsection.9.2.1}{Specifica}{section.9.2}% 100
\BOOKMARK [2][-]{subsection.9.2.2}{Componenti connesse dinamiche}{section.9.2}% 101
\BOOKMARK [2][-]{subsection.9.2.3}{Implementazione con insieme di liste}{section.9.2}% 102
\BOOKMARK [2][-]{subsection.9.2.4}{Implementazione con insieme di alberi}{section.9.2}% 103
\BOOKMARK [2][-]{subsection.9.2.5}{Tecniche euristiche}{section.9.2}% 104
\BOOKMARK [0][-]{chapter.10}{Scelta}{}% 105
\BOOKMARK [1][-]{section.10.1}{Il problema dei cammini minimi}{chapter.10}% 106
\BOOKMARK [2][-]{subsection.10.1.1}{Varianti del problema}{section.10.1}% 107
\BOOKMARK [2][-]{subsection.10.1.2}{Sottostruttura ottima}{section.10.1}% 108
\BOOKMARK [1][-]{section.10.2}{Teorema di Bellman}{chapter.10}% 109
\BOOKMARK [2][-]{subsection.10.2.1}{Implementazioni}{section.10.2}% 110
\BOOKMARK [1][-]{section.10.3}{Algoritmo di Dijkstra}{chapter.10}% 111
\BOOKMARK [2][-]{subsection.10.3.1}{Funzionamento}{section.10.3}% 112
\BOOKMARK [2][-]{subsection.10.3.2}{Correttezza per pesi positivi}{section.10.3}% 113
\BOOKMARK [0][-]{chapter.11}{Risoluzione problemi}{}% 114
\BOOKMARK [1][-]{section.11.1}{Classificazione dei problemi}{chapter.11}% 115
\BOOKMARK [1][-]{section.11.2}{Definizione matematica del problema}{chapter.11}% 116
\BOOKMARK [1][-]{section.11.3}{Tecniche di soluzione problemi}{chapter.11}% 117
\BOOKMARK [0][-]{chapter.12}{Divide-et-impera}{}% 118
\BOOKMARK [1][-]{section.12.1}{Le torri di Hanoi}{chapter.12}% 119
\BOOKMARK [1][-]{section.12.2}{Quicksort}{chapter.12}% 120
\BOOKMARK [2][-]{subsection.12.2.1}{Caratterizzazione}{section.12.2}% 121
\BOOKMARK [2][-]{subsection.12.2.2}{Complessit\340 computazionale}{section.12.2}% 122
\BOOKMARK [1][-]{section.12.3}{Conclusioni}{chapter.12}% 123
\BOOKMARK [0][-]{chapter.13}{Programmazione dinamica}{}% 124
\BOOKMARK [1][-]{section.13.1}{Approccio generale}{chapter.13}% 125
\BOOKMARK [2][-]{subsection.13.1.1}{Evitare di risolvere i problemi pi\371 di una volta}{section.13.1}% 126
\BOOKMARK [2][-]{subsection.13.1.2}{Ricostruire la soluzione}{section.13.1}% 127
\BOOKMARK [1][-]{section.13.2}{Memoization}{chapter.13}% 128
\BOOKMARK [1][-]{section.13.3}{Problemi}{chapter.13}% 129
\BOOKMARK [2][-]{subsection.13.3.1}{Domino lineare}{section.13.3}% 130
\BOOKMARK [2][-]{subsection.13.3.2}{Hateville}{section.13.3}% 131
\BOOKMARK [2][-]{subsection.13.3.3}{Knapsack}{section.13.3}% 132
\BOOKMARK [2][-]{subsection.13.3.4}{Knapsack senza limiti}{section.13.3}% 133
\BOOKMARK [2][-]{subsection.13.3.5}{Sottosequenza comune massimale}{section.13.3}% 134
\BOOKMARK [2][-]{subsection.13.3.6}{String matching approssimato}{section.13.3}% 135
\BOOKMARK [2][-]{subsection.13.3.7}{Prodotto di catena di matrici}{section.13.3}% 136
\BOOKMARK [2][-]{subsection.13.3.8}{Insieme indipendente di intervalli pesati}{section.13.3}% 137
